2025-08-19 13:35:35 ERROR o.s.o.j.LocalContainerEntityManagerFactoryBean - Failed to initialize JPA EntityManagerFactory: Collection 'org.pkwmtt.examCalendar.entity.StudentGroup.exams' is 'mappedBy' a property named 'groups' which does not exist in the target entity 'org.pkwmtt.examCalendar.entity.Exam'
2025-08-19 13:35:35 ERROR o.s.boot.SpringApplication - Application run failed
org.springframework.beans.factory.BeanCreationException: Error creating bean with name 'entityManagerFactory' defined in class path resource [org/springframework/boot/autoconfigure/orm/jpa/HibernateJpaConfiguration.class]: Collection 'org.pkwmtt.examCalendar.entity.StudentGroup.exams' is 'mappedBy' a property named 'groups' which does not exist in the target entity 'org.pkwmtt.examCalendar.entity.Exam'
	at org.springframework.beans.factory.support.AbstractAutowireCapableBeanFactory.initializeBean(AbstractAutowireCapableBeanFactory.java:1826)
	at org.springframework.beans.factory.support.AbstractAutowireCapableBeanFactory.doCreateBean(AbstractAutowireCapableBeanFactory.java:607)
	at org.springframework.beans.factory.support.AbstractAutowireCapableBeanFactory.createBean(AbstractAutowireCapableBeanFactory.java:529)
	at org.springframework.beans.factory.support.AbstractBeanFactory.lambda$doGetBean$0(AbstractBeanFactory.java:339)
	at org.springframework.beans.factory.support.DefaultSingletonBeanRegistry.getSingleton(DefaultSingletonBeanRegistry.java:373)
	at org.springframework.beans.factory.support.AbstractBeanFactory.doGetBean(AbstractBeanFactory.java:337)
	at org.springframework.beans.factory.support.AbstractBeanFactory.getBean(AbstractBeanFactory.java:207)
	at org.springframework.context.support.AbstractApplicationContext.finishBeanFactoryInitialization(AbstractApplicationContext.java:970)
	at org.springframework.context.support.AbstractApplicationContext.refresh(AbstractApplicationContext.java:627)
	at org.springframework.boot.web.servlet.context.ServletWebServerApplicationContext.refresh(ServletWebServerApplicationContext.java:146)
	at org.springframework.boot.SpringApplication.refresh(SpringApplication.java:752)
	at org.springframework.boot.SpringApplication.refreshContext(SpringApplication.java:439)
	at org.springframework.boot.SpringApplication.run(SpringApplication.java:318)
	at org.springframework.boot.SpringApplication.run(SpringApplication.java:1361)
	at org.springframework.boot.SpringApplication.run(SpringApplication.java:1350)
	at org.pkwmtt.PkwmttBackendApplication.main(PkwmttBackendApplication.java:12)
	at java.base/jdk.internal.reflect.DirectMethodHandleAccessor.invoke(DirectMethodHandleAccessor.java:103)
	at java.base/java.lang.reflect.Method.invoke(Method.java:580)
	at org.springframework.boot.devtools.restart.RestartLauncher.run(RestartLauncher.java:50)
Caused by: org.hibernate.AnnotationException: Collection 'org.pkwmtt.examCalendar.entity.StudentGroup.exams' is 'mappedBy' a property named 'groups' which does not exist in the target entity 'org.pkwmtt.examCalendar.entity.Exam'
	at org.hibernate.boot.model.internal.CollectionBinder.isReversePropertyInJoin(CollectionBinder.java:1638)
	at org.hibernate.boot.model.internal.CollectionBinder.noAssociationTable(CollectionBinder.java:1652)
	at org.hibernate.boot.model.internal.CollectionBinder.bindStarToManySecondPass(CollectionBinder.java:1613)
	at org.hibernate.boot.model.internal.CollectionBinder$1.secondPass(CollectionBinder.java:1604)
	at org.hibernate.boot.model.internal.CollectionSecondPass.doSecondPass(CollectionSecondPass.java:45)
	at org.hibernate.boot.internal.InFlightMetadataCollectorImpl.processSecondPasses(InFlightMetadataCollectorImpl.java:1842)
	at org.hibernate.boot.internal.InFlightMetadataCollectorImpl.processSecondPasses(InFlightMetadataCollectorImpl.java:1800)
	at org.hibernate.boot.model.process.spi.MetadataBuildingProcess.complete(MetadataBuildingProcess.java:334)
	at org.hibernate.jpa.boot.internal.EntityManagerFactoryBuilderImpl.metadata(EntityManagerFactoryBuilderImpl.java:1442)
	at org.hibernate.jpa.boot.internal.EntityManagerFactoryBuilderImpl.build(EntityManagerFactoryBuilderImpl.java:1513)
	at org.springframework.orm.jpa.vendor.SpringHibernateJpaPersistenceProvider.createContainerEntityManagerFactory(SpringHibernateJpaPersistenceProvider.java:66)
	at org.springframework.orm.jpa.LocalContainerEntityManagerFactoryBean.createNativeEntityManagerFactory(LocalContainerEntityManagerFactoryBean.java:390)
	at org.springframework.orm.jpa.AbstractEntityManagerFactoryBean.buildNativeEntityManagerFactory(AbstractEntityManagerFactoryBean.java:419)
	at org.springframework.orm.jpa.AbstractEntityManagerFactoryBean.afterPropertiesSet(AbstractEntityManagerFactoryBean.java:400)
	at org.springframework.orm.jpa.LocalContainerEntityManagerFactoryBean.afterPropertiesSet(LocalContainerEntityManagerFactoryBean.java:366)
	at org.springframework.beans.factory.support.AbstractAutowireCapableBeanFactory.invokeInitMethods(AbstractAutowireCapableBeanFactory.java:1873)
	at org.springframework.beans.factory.support.AbstractAutowireCapableBeanFactory.initializeBean(AbstractAutowireCapableBeanFactory.java:1822)
	... 18 common frames omitted
2025-08-19 13:49:42 ERROR o.s.boot.SpringApplication - Application run failed
org.springframework.beans.factory.UnsatisfiedDependencyException: Error creating bean with name 'examController' defined in file [D:\Java\PKWMTT\target\classes\org\pkwmtt\examCalendar\ExamController.class]: Unsatisfied dependency expressed through constructor parameter 0: Error creating bean with name 'examService' defined in file [D:\Java\PKWMTT\target\classes\org\pkwmtt\examCalendar\ExamService.class]: Unsatisfied dependency expressed through constructor parameter 0: Error creating bean with name 'examRepository' defined in org.pkwmtt.examCalendar.repository.ExamRepository defined in @EnableJpaRepositories declared on JpaRepositoriesRegistrar.EnableJpaRepositoriesConfiguration: Could not create query for public abstract java.util.Set org.pkwmtt.examCalendar.repository.ExamRepository.findExamsByGroupsIdentifier(java.lang.String); Reason: Validation failed for query for method public abstract java.util.Set org.pkwmtt.examCalendar.repository.ExamRepository.findExamsByGroupsIdentifier(java.lang.String)
	at org.springframework.beans.factory.support.ConstructorResolver.createArgumentArray(ConstructorResolver.java:804)
	at org.springframework.beans.factory.support.ConstructorResolver.autowireConstructor(ConstructorResolver.java:240)
	at org.springframework.beans.factory.support.AbstractAutowireCapableBeanFactory.autowireConstructor(AbstractAutowireCapableBeanFactory.java:1395)
	at org.springframework.beans.factory.support.AbstractAutowireCapableBeanFactory.createBeanInstance(AbstractAutowireCapableBeanFactory.java:1232)
	at org.springframework.beans.factory.support.AbstractAutowireCapableBeanFactory.doCreateBean(AbstractAutowireCapableBeanFactory.java:569)
	at org.springframework.beans.factory.support.AbstractAutowireCapableBeanFactory.createBean(AbstractAutowireCapableBeanFactory.java:529)
	at org.springframework.beans.factory.support.AbstractBeanFactory.lambda$doGetBean$0(AbstractBeanFactory.java:339)
	at org.springframework.beans.factory.support.DefaultSingletonBeanRegistry.getSingleton(DefaultSingletonBeanRegistry.java:373)
	at org.springframework.beans.factory.support.AbstractBeanFactory.doGetBean(AbstractBeanFactory.java:337)
	at org.springframework.beans.factory.support.AbstractBeanFactory.getBean(AbstractBeanFactory.java:202)
	at org.springframework.beans.factory.support.DefaultListableBeanFactory.instantiateSingleton(DefaultListableBeanFactory.java:1222)
	at org.springframework.beans.factory.support.DefaultListableBeanFactory.preInstantiateSingleton(DefaultListableBeanFactory.java:1188)
	at org.springframework.beans.factory.support.DefaultListableBeanFactory.preInstantiateSingletons(DefaultListableBeanFactory.java:1123)
	at org.springframework.context.support.AbstractApplicationContext.finishBeanFactoryInitialization(AbstractApplicationContext.java:987)
	at org.springframework.context.support.AbstractApplicationContext.refresh(AbstractApplicationContext.java:627)
	at org.springframework.boot.web.servlet.context.ServletWebServerApplicationContext.refresh(ServletWebServerApplicationContext.java:146)
	at org.springframework.boot.SpringApplication.refresh(SpringApplication.java:752)
	at org.springframework.boot.SpringApplication.refreshContext(SpringApplication.java:439)
	at org.springframework.boot.SpringApplication.run(SpringApplication.java:318)
	at org.springframework.boot.SpringApplication.run(SpringApplication.java:1361)
	at org.springframework.boot.SpringApplication.run(SpringApplication.java:1350)
	at org.pkwmtt.PkwmttBackendApplication.main(PkwmttBackendApplication.java:12)
	at java.base/jdk.internal.reflect.DirectMethodHandleAccessor.invoke(DirectMethodHandleAccessor.java:103)
	at java.base/java.lang.reflect.Method.invoke(Method.java:580)
	at org.springframework.boot.devtools.restart.RestartLauncher.run(RestartLauncher.java:50)
Caused by: org.springframework.beans.factory.UnsatisfiedDependencyException: Error creating bean with name 'examService' defined in file [D:\Java\PKWMTT\target\classes\org\pkwmtt\examCalendar\ExamService.class]: Unsatisfied dependency expressed through constructor parameter 0: Error creating bean with name 'examRepository' defined in org.pkwmtt.examCalendar.repository.ExamRepository defined in @EnableJpaRepositories declared on JpaRepositoriesRegistrar.EnableJpaRepositoriesConfiguration: Could not create query for public abstract java.util.Set org.pkwmtt.examCalendar.repository.ExamRepository.findExamsByGroupsIdentifier(java.lang.String); Reason: Validation failed for query for method public abstract java.util.Set org.pkwmtt.examCalendar.repository.ExamRepository.findExamsByGroupsIdentifier(java.lang.String)
	at org.springframework.beans.factory.support.ConstructorResolver.createArgumentArray(ConstructorResolver.java:804)
	at org.springframework.beans.factory.support.ConstructorResolver.autowireConstructor(ConstructorResolver.java:240)
	at org.springframework.beans.factory.support.AbstractAutowireCapableBeanFactory.autowireConstructor(AbstractAutowireCapableBeanFactory.java:1395)
	at org.springframework.beans.factory.support.AbstractAutowireCapableBeanFactory.createBeanInstance(AbstractAutowireCapableBeanFactory.java:1232)
	at org.springframework.beans.factory.support.AbstractAutowireCapableBeanFactory.doCreateBean(AbstractAutowireCapableBeanFactory.java:569)
	at org.springframework.beans.factory.support.AbstractAutowireCapableBeanFactory.createBean(AbstractAutowireCapableBeanFactory.java:529)
	at org.springframework.beans.factory.support.AbstractBeanFactory.lambda$doGetBean$0(AbstractBeanFactory.java:339)
	at org.springframework.beans.factory.support.DefaultSingletonBeanRegistry.getSingleton(DefaultSingletonBeanRegistry.java:373)
	at org.springframework.beans.factory.support.AbstractBeanFactory.doGetBean(AbstractBeanFactory.java:337)
	at org.springframework.beans.factory.support.AbstractBeanFactory.getBean(AbstractBeanFactory.java:202)
	at org.springframework.beans.factory.support.DefaultListableBeanFactory.doResolveDependency(DefaultListableBeanFactory.java:1683)
	at org.springframework.beans.factory.support.DefaultListableBeanFactory.resolveDependency(DefaultListableBeanFactory.java:1628)
	at org.springframework.beans.factory.support.ConstructorResolver.resolveAutowiredArgument(ConstructorResolver.java:913)
	at org.springframework.beans.factory.support.ConstructorResolver.createArgumentArray(ConstructorResolver.java:791)
	... 24 common frames omitted
Caused by: org.springframework.beans.factory.BeanCreationException: Error creating bean with name 'examRepository' defined in org.pkwmtt.examCalendar.repository.ExamRepository defined in @EnableJpaRepositories declared on JpaRepositoriesRegistrar.EnableJpaRepositoriesConfiguration: Could not create query for public abstract java.util.Set org.pkwmtt.examCalendar.repository.ExamRepository.findExamsByGroupsIdentifier(java.lang.String); Reason: Validation failed for query for method public abstract java.util.Set org.pkwmtt.examCalendar.repository.ExamRepository.findExamsByGroupsIdentifier(java.lang.String)
	at org.springframework.beans.factory.support.AbstractAutowireCapableBeanFactory.initializeBean(AbstractAutowireCapableBeanFactory.java:1826)
	at org.springframework.beans.factory.support.AbstractAutowireCapableBeanFactory.doCreateBean(AbstractAutowireCapableBeanFactory.java:607)
	at org.springframework.beans.factory.support.AbstractAutowireCapableBeanFactory.createBean(AbstractAutowireCapableBeanFactory.java:529)
	at org.springframework.beans.factory.support.AbstractBeanFactory.lambda$doGetBean$0(AbstractBeanFactory.java:339)
	at org.springframework.beans.factory.support.DefaultSingletonBeanRegistry.getSingleton(DefaultSingletonBeanRegistry.java:373)
	at org.springframework.beans.factory.support.AbstractBeanFactory.doGetBean(AbstractBeanFactory.java:337)
	at org.springframework.beans.factory.support.AbstractBeanFactory.getBean(AbstractBeanFactory.java:202)
	at org.springframework.beans.factory.support.DefaultListableBeanFactory.doResolveDependency(DefaultListableBeanFactory.java:1683)
	at org.springframework.beans.factory.support.DefaultListableBeanFactory.resolveDependency(DefaultListableBeanFactory.java:1628)
	at org.springframework.beans.factory.support.ConstructorResolver.resolveAutowiredArgument(ConstructorResolver.java:913)
	at org.springframework.beans.factory.support.ConstructorResolver.createArgumentArray(ConstructorResolver.java:791)
	... 37 common frames omitted
Caused by: org.springframework.data.repository.query.QueryCreationException: Could not create query for public abstract java.util.Set org.pkwmtt.examCalendar.repository.ExamRepository.findExamsByGroupsIdentifier(java.lang.String); Reason: Validation failed for query for method public abstract java.util.Set org.pkwmtt.examCalendar.repository.ExamRepository.findExamsByGroupsIdentifier(java.lang.String)
	at org.springframework.data.repository.query.QueryCreationException.create(QueryCreationException.java:101)
	at org.springframework.data.repository.core.support.QueryExecutorMethodInterceptor.lookupQuery(QueryExecutorMethodInterceptor.java:120)
	at org.springframework.data.repository.core.support.QueryExecutorMethodInterceptor.mapMethodsToQuery(QueryExecutorMethodInterceptor.java:104)
	at org.springframework.data.repository.core.support.QueryExecutorMethodInterceptor.lambda$new$0(QueryExecutorMethodInterceptor.java:92)
	at java.base/java.util.Optional.map(Optional.java:260)
	at org.springframework.data.repository.core.support.QueryExecutorMethodInterceptor.<init>(QueryExecutorMethodInterceptor.java:92)
	at org.springframework.data.repository.core.support.RepositoryFactorySupport.getRepository(RepositoryFactorySupport.java:434)
	at org.springframework.data.repository.core.support.RepositoryFactoryBeanSupport.lambda$afterPropertiesSet$4(RepositoryFactoryBeanSupport.java:350)
	at org.springframework.data.util.Lazy.getNullable(Lazy.java:135)
	at org.springframework.data.util.Lazy.get(Lazy.java:113)
	at org.springframework.data.repository.core.support.RepositoryFactoryBeanSupport.afterPropertiesSet(RepositoryFactoryBeanSupport.java:356)
	at org.springframework.data.jpa.repository.support.JpaRepositoryFactoryBean.afterPropertiesSet(JpaRepositoryFactoryBean.java:132)
	at org.springframework.beans.factory.support.AbstractAutowireCapableBeanFactory.invokeInitMethods(AbstractAutowireCapableBeanFactory.java:1873)
	at org.springframework.beans.factory.support.AbstractAutowireCapableBeanFactory.initializeBean(AbstractAutowireCapableBeanFactory.java:1822)
	... 47 common frames omitted
Caused by: java.lang.IllegalArgumentException: Validation failed for query for method public abstract java.util.Set org.pkwmtt.examCalendar.repository.ExamRepository.findExamsByGroupsIdentifier(java.lang.String)
	at org.springframework.data.jpa.repository.query.SimpleJpaQuery.validateQuery(SimpleJpaQuery.java:97)
	at org.springframework.data.jpa.repository.query.SimpleJpaQuery.<init>(SimpleJpaQuery.java:67)
	at org.springframework.data.jpa.repository.query.JpaQueryFactory.fromMethodWithQueryString(JpaQueryFactory.java:49)
	at org.springframework.data.jpa.repository.query.JpaQueryLookupStrategy$DeclaredQueryLookupStrategy.resolveQuery(JpaQueryLookupStrategy.java:174)
	at org.springframework.data.jpa.repository.query.JpaQueryLookupStrategy$CreateIfNotFoundQueryLookupStrategy.resolveQuery(JpaQueryLookupStrategy.java:254)
	at org.springframework.data.jpa.repository.query.JpaQueryLookupStrategy$AbstractQueryLookupStrategy.resolveQuery(JpaQueryLookupStrategy.java:99)
	at org.springframework.data.repository.core.support.QueryExecutorMethodInterceptor.lookupQuery(QueryExecutorMethodInterceptor.java:116)
	... 59 common frames omitted
Caused by: java.lang.IllegalArgumentException: org.hibernate.query.sqm.UnknownPathException: Could not resolve attribute 'examGroups' of 'org.pkwmtt.examCalendar.entity.Exam' [SELECT e FROM Exam e JOIN FETCH e.examType WHERE e.examGroups LIKE CONCAT('%', :gg, '%')]
	at org.hibernate.internal.ExceptionConverterImpl.convert(ExceptionConverterImpl.java:143)
	at org.hibernate.internal.ExceptionConverterImpl.convert(ExceptionConverterImpl.java:167)
	at org.hibernate.internal.ExceptionConverterImpl.convert(ExceptionConverterImpl.java:173)
	at org.hibernate.internal.AbstractSharedSessionContract.createQuery(AbstractSharedSessionContract.java:886)
	at org.hibernate.internal.AbstractSharedSessionContract.createQuery(AbstractSharedSessionContract.java:796)
	at org.hibernate.internal.AbstractSharedSessionContract.createQuery(AbstractSharedSessionContract.java:143)
	at java.base/jdk.internal.reflect.DirectMethodHandleAccessor.invoke(DirectMethodHandleAccessor.java:103)
	at java.base/java.lang.reflect.Method.invoke(Method.java:580)
	at org.springframework.orm.jpa.ExtendedEntityManagerCreator$ExtendedEntityManagerInvocationHandler.invoke(ExtendedEntityManagerCreator.java:364)
	at jdk.proxy3/jdk.proxy3.$Proxy159.createQuery(Unknown Source)
	at org.springframework.data.jpa.repository.query.SimpleJpaQuery.validateQuery(SimpleJpaQuery.java:91)
	... 65 common frames omitted
Caused by: org.hibernate.query.sqm.UnknownPathException: Could not resolve attribute 'examGroups' of 'org.pkwmtt.examCalendar.entity.Exam' [SELECT e FROM Exam e JOIN FETCH e.examType WHERE e.examGroups LIKE CONCAT('%', :gg, '%')]
	at org.hibernate.query.hql.internal.StandardHqlTranslator.translate(StandardHqlTranslator.java:88)
	at org.hibernate.query.internal.QueryInterpretationCacheStandardImpl.createHqlInterpretation(QueryInterpretationCacheStandardImpl.java:145)
	at org.hibernate.query.internal.QueryInterpretationCacheStandardImpl.resolveHqlInterpretation(QueryInterpretationCacheStandardImpl.java:132)
	at org.hibernate.query.spi.QueryEngine.interpretHql(QueryEngine.java:54)
	at org.hibernate.internal.AbstractSharedSessionContract.interpretHql(AbstractSharedSessionContract.java:832)
	at org.hibernate.internal.AbstractSharedSessionContract.createQuery(AbstractSharedSessionContract.java:878)
	... 72 common frames omitted
Caused by: org.hibernate.query.sqm.PathElementException: Could not resolve attribute 'examGroups' of 'org.pkwmtt.examCalendar.entity.Exam'
	at org.hibernate.query.sqm.SqmPathSource.getSubPathSource(SqmPathSource.java:95)
	at org.hibernate.query.sqm.tree.domain.AbstractSqmPath.get(AbstractSqmPath.java:198)
	at org.hibernate.query.sqm.tree.domain.AbstractSqmFrom.resolvePathPart(AbstractSqmFrom.java:198)
	at org.hibernate.query.hql.internal.DomainPathPart.resolvePathPart(DomainPathPart.java:42)
	at org.hibernate.query.hql.internal.BasicDotIdentifierConsumer.consumeIdentifier(BasicDotIdentifierConsumer.java:92)
	at org.hibernate.query.hql.internal.SemanticQueryBuilder.visitSimplePath(SemanticQueryBuilder.java:5465)
	at org.hibernate.query.hql.internal.SemanticQueryBuilder.visitGeneralPathFragment(SemanticQueryBuilder.java:5298)
	at org.hibernate.query.hql.internal.SemanticQueryBuilder.visitGeneralPathExpression(SemanticQueryBuilder.java:1891)
	at org.hibernate.grammars.hql.HqlParser$GeneralPathExpressionContext.accept(HqlParser.java:8268)
	at org.antlr.v4.runtime.tree.AbstractParseTreeVisitor.visitChildren(AbstractParseTreeVisitor.java:46)
	at org.hibernate.grammars.hql.HqlParserBaseVisitor.visitBarePrimaryExpression(HqlParserBaseVisitor.java:812)
	at org.hibernate.grammars.hql.HqlParser$BarePrimaryExpressionContext.accept(HqlParser.java:7726)
	at org.hibernate.query.hql.internal.SemanticQueryBuilder.visitLikePredicate(SemanticQueryBuilder.java:2721)
	at org.hibernate.query.hql.internal.SemanticQueryBuilder.visitLikePredicate(SemanticQueryBuilder.java:277)
	at org.hibernate.grammars.hql.HqlParser$LikePredicateContext.accept(HqlParser.java:6535)
	at org.hibernate.query.hql.internal.SemanticQueryBuilder.visitWhereClause(SemanticQueryBuilder.java:2361)
	at org.hibernate.query.hql.internal.SemanticQueryBuilder.visitWhereClause(SemanticQueryBuilder.java:277)
	at org.hibernate.grammars.hql.HqlParser$WhereClauseContext.accept(HqlParser.java:6302)
	at org.hibernate.query.hql.internal.SemanticQueryBuilder.visitQuery(SemanticQueryBuilder.java:1259)
	at org.hibernate.query.hql.internal.SemanticQueryBuilder.visitQuerySpecExpression(SemanticQueryBuilder.java:1040)
	at org.hibernate.query.hql.internal.SemanticQueryBuilder.visitQuerySpecExpression(SemanticQueryBuilder.java:277)
	at org.hibernate.grammars.hql.HqlParser$QuerySpecExpressionContext.accept(HqlParser.java:2134)
	at org.hibernate.query.hql.internal.SemanticQueryBuilder.visitSimpleQueryGroup(SemanticQueryBuilder.java:1025)
	at org.hibernate.query.hql.internal.SemanticQueryBuilder.visitSimpleQueryGroup(SemanticQueryBuilder.java:277)
	at org.hibernate.grammars.hql.HqlParser$SimpleQueryGroupContext.accept(HqlParser.java:2005)
	at org.hibernate.query.hql.internal.SemanticQueryBuilder.visitSelectStatement(SemanticQueryBuilder.java:492)
	at org.hibernate.query.hql.internal.SemanticQueryBuilder.visitStatement(SemanticQueryBuilder.java:451)
	at org.hibernate.query.hql.internal.SemanticQueryBuilder.buildSemanticModel(SemanticQueryBuilder.java:324)
	at org.hibernate.query.hql.internal.StandardHqlTranslator.translate(StandardHqlTranslator.java:71)
	... 77 common frames omitted
2025-08-19 13:52:44 ERROR o.s.b.d.LoggingFailureAnalysisReporter - 

***************************
APPLICATION FAILED TO START
***************************

Description:

Parameter 0 of constructor in org.pkwmtt.examCalendar.ExamController required a bean of type 'org.pkwmtt.examCalendar.ExamService' that could not be found.


Action:

Consider defining a bean of type 'org.pkwmtt.examCalendar.ExamService' in your configuration.

2025-08-19 16:09:01 ERROR org.pkwmtt.config.StartupConfig - !Couldn't log the server base url. Check properties in application.properties
2025-08-19 16:09:03 ERROR org.pkwmtt.config.StartupConfig - !Couldn't log the server base url. Check properties in application.properties
2025-08-19 16:09:03 ERROR o.h.e.jdbc.spi.SqlExceptionHelper - Kolumna "E1_0.exam_date" nie istnieje
Column "E1_0.exam_date" not found; SQL statement:
select e1_0.exam_id,e1_0.description,e1_0."exam_date",e1_0.exam_type_id,e1_0.title from exams e1_0 [42122-232]
2025-08-19 16:09:03 ERROR o.h.e.jdbc.spi.SqlExceptionHelper - Kolumna "E1_0.exam_date" nie istnieje
Column "E1_0.exam_date" not found; SQL statement:
select e1_0.exam_id,e1_0.description,e1_0."exam_date",e1_0.exam_type_id,e1_0.title from exams e1_0 [42122-232]
2025-08-19 16:09:03 ERROR o.h.e.jdbc.spi.SqlExceptionHelper - Kolumna "E1_0.exam_date" nie istnieje
Column "E1_0.exam_date" not found; SQL statement:
select e1_0.exam_id,e1_0.description,e1_0."exam_date",e1_0.exam_type_id,e1_0.title from exams e1_0 [42122-232]
2025-08-19 16:09:03 ERROR o.h.e.jdbc.spi.SqlExceptionHelper - Kolumna "E1_0.exam_date" nie istnieje
Column "E1_0.exam_date" not found; SQL statement:
select e1_0.exam_id,e1_0.description,e1_0."exam_date",e1_0.exam_type_id,e1_0.title from exams e1_0 [42122-232]
2025-08-19 16:09:03 ERROR o.h.e.jdbc.spi.SqlExceptionHelper - Kolumna "E1_0.exam_date" nie istnieje
Column "E1_0.exam_date" not found; SQL statement:
select e1_0.exam_id,e1_0.description,e1_0."exam_date",e1_0.exam_type_id,e1_0.title from exams e1_0 [42122-232]
2025-08-19 16:09:03 ERROR o.h.e.jdbc.spi.SqlExceptionHelper - Kolumna "E1_0.exam_date" nie istnieje
Column "E1_0.exam_date" not found; SQL statement:
select e1_0.exam_id,e1_0.description,e1_0."exam_date",e1_0.exam_type_id,e1_0.title from exams e1_0 [42122-232]
2025-08-19 16:09:03 ERROR o.h.e.jdbc.spi.SqlExceptionHelper - Kolumna "E1_0.exam_date" nie istnieje
Column "E1_0.exam_date" not found; SQL statement:
select e1_0.exam_id,e1_0.description,e1_0."exam_date",e1_0.exam_type_id,e1_0.title from exams e1_0 [42122-232]
2025-08-19 16:09:03 ERROR o.h.e.jdbc.spi.SqlExceptionHelper - Kolumna "E1_0.exam_date" nie istnieje
Column "E1_0.exam_date" not found; SQL statement:
select e1_0.exam_id,e1_0.description,e1_0."exam_date",e1_0.exam_type_id,e1_0.title from exams e1_0 [42122-232]
2025-08-19 16:09:03 ERROR o.h.e.jdbc.spi.SqlExceptionHelper - Kolumna "E1_0.exam_date" nie istnieje
Column "E1_0.exam_date" not found; SQL statement:
select e1_0.exam_id,e1_0.description,e1_0."exam_date",e1_0.exam_type_id,e1_0.title from exams e1_0 [42122-232]
2025-08-19 16:09:03 ERROR o.h.e.jdbc.spi.SqlExceptionHelper - Kolumna "E1_0.exam_date" nie istnieje
Column "E1_0.exam_date" not found; SQL statement:
select e1_0.exam_id,e1_0.description,e1_0."exam_date",e1_0.exam_type_id,e1_0.title from exams e1_0 [42122-232]
2025-08-19 16:09:03 ERROR o.h.e.jdbc.spi.SqlExceptionHelper - Kolumna "E1_0.exam_date" nie istnieje
Column "E1_0.exam_date" not found; SQL statement:
select e1_0.exam_id,e1_0.description,e1_0."exam_date",e1_0.exam_type_id,e1_0.title from exams e1_0 [42122-232]
2025-08-19 16:09:03 ERROR o.h.e.jdbc.spi.SqlExceptionHelper - Kolumna "E1_0.exam_date" nie istnieje
Column "E1_0.exam_date" not found; SQL statement:
select e1_0.exam_id,e1_0.description,e1_0."exam_date",e1_0.exam_type_id,e1_0.title from exams e1_0 [42122-232]
2025-08-19 16:09:03 ERROR o.h.e.jdbc.spi.SqlExceptionHelper - Kolumna "E1_0.exam_date" nie istnieje
Column "E1_0.exam_date" not found; SQL statement:
select e1_0.exam_id,e1_0.description,e1_0."exam_date",e1_0.exam_type_id,e1_0.title from exams e1_0 [42122-232]
2025-08-19 16:09:03 ERROR o.h.e.jdbc.spi.SqlExceptionHelper - Kolumna "E1_0.exam_date" nie istnieje
Column "E1_0.exam_date" not found; SQL statement:
select e1_0.exam_id,e1_0.description,e1_0."exam_date",e1_0.exam_type_id,e1_0.title from exams e1_0 [42122-232]
2025-08-19 16:09:03 ERROR o.h.e.jdbc.spi.SqlExceptionHelper - Kolumna "E1_0.exam_date" nie istnieje
Column "E1_0.exam_date" not found; SQL statement:
select e1_0.exam_id,e1_0.description,e1_0."exam_date",e1_0.exam_type_id,e1_0.title from exams e1_0 [42122-232]
2025-08-19 16:09:03 ERROR o.h.e.jdbc.spi.SqlExceptionHelper - Kolumna "E1_0.exam_date" nie istnieje
Column "E1_0.exam_date" not found; SQL statement:
select e1_0.exam_id,e1_0.description,e1_0."exam_date",e1_0.exam_type_id,e1_0.title from exams e1_0 [42122-232]
2025-08-19 16:09:03 ERROR o.h.e.jdbc.spi.SqlExceptionHelper - Kolumna "E1_0.exam_date" nie istnieje
Column "E1_0.exam_date" not found; SQL statement:
select e1_0.exam_id,e1_0.description,e1_0."exam_date",e1_0.exam_type_id,e1_0.title from exams e1_0 [42122-232]
2025-08-19 16:09:03 ERROR o.h.e.jdbc.spi.SqlExceptionHelper - Kolumna "E1_0.exam_date" nie istnieje
Column "E1_0.exam_date" not found; SQL statement:
select e1_0.exam_id,e1_0.description,e1_0."exam_date",e1_0.exam_type_id,e1_0.title from exams e1_0 [42122-232]
2025-08-19 16:09:03 ERROR o.h.e.jdbc.spi.SqlExceptionHelper - Kolumna "E1_0.exam_date" nie istnieje
Column "E1_0.exam_date" not found; SQL statement:
select e1_0.exam_id,e1_0.description,e1_0."exam_date",e1_0.exam_type_id,e1_0.title from exams e1_0 [42122-232]
2025-08-19 16:09:03 ERROR o.h.e.jdbc.spi.SqlExceptionHelper - Kolumna "E1_0.exam_date" nie istnieje
Column "E1_0.exam_date" not found; SQL statement:
select e1_0.exam_id,e1_0.description,e1_0."exam_date",e1_0.exam_type_id,e1_0.title from exams e1_0 [42122-232]
2025-08-19 16:09:03 ERROR o.h.e.jdbc.spi.SqlExceptionHelper - Kolumna "E1_0.exam_date" nie istnieje
Column "E1_0.exam_date" not found; SQL statement:
select e1_0.exam_id,e1_0.description,e1_0."exam_date",e1_0.exam_type_id,e1_0.title from exams e1_0 [42122-232]
2025-08-19 16:09:03 ERROR o.h.e.jdbc.spi.SqlExceptionHelper - Kolumna "E1_0.exam_date" nie istnieje
Column "E1_0.exam_date" not found; SQL statement:
select e1_0.exam_id,e1_0.description,e1_0."exam_date",e1_0.exam_type_id,e1_0.title from exams e1_0 [42122-232]
2025-08-19 16:09:03 ERROR org.pkwmtt.config.StartupConfig - !Couldn't log the server base url. Check properties in application.properties
2025-08-20 12:35:10 ERROR o.s.boot.SpringApplication - Application run failed
org.springframework.beans.factory.UnsatisfiedDependencyException: Error creating bean with name 'examController' defined in file [D:\Java\PKWMTT\target\classes\org\pkwmtt\examCalendar\ExamController.class]: Unsatisfied dependency expressed through constructor parameter 0: Error creating bean with name 'examService' defined in file [D:\Java\PKWMTT\target\classes\org\pkwmtt\examCalendar\ExamService.class]: Unsatisfied dependency expressed through constructor parameter 0: Error creating bean with name 'examRepository' defined in org.pkwmtt.examCalendar.repository.ExamRepository defined in @EnableJpaRepositories declared on JpaRepositoriesRegistrar.EnableJpaRepositoriesConfiguration: Could not create query for public abstract java.util.Set org.pkwmtt.examCalendar.repository.ExamRepository.findByGroupsIn(java.util.Set); Reason: Validation failed for query for method public abstract java.util.Set org.pkwmtt.examCalendar.repository.ExamRepository.findByGroupsIn(java.util.Set)
	at org.springframework.beans.factory.support.ConstructorResolver.createArgumentArray(ConstructorResolver.java:804)
	at org.springframework.beans.factory.support.ConstructorResolver.autowireConstructor(ConstructorResolver.java:240)
	at org.springframework.beans.factory.support.AbstractAutowireCapableBeanFactory.autowireConstructor(AbstractAutowireCapableBeanFactory.java:1395)
	at org.springframework.beans.factory.support.AbstractAutowireCapableBeanFactory.createBeanInstance(AbstractAutowireCapableBeanFactory.java:1232)
	at org.springframework.beans.factory.support.AbstractAutowireCapableBeanFactory.doCreateBean(AbstractAutowireCapableBeanFactory.java:569)
	at org.springframework.beans.factory.support.AbstractAutowireCapableBeanFactory.createBean(AbstractAutowireCapableBeanFactory.java:529)
	at org.springframework.beans.factory.support.AbstractBeanFactory.lambda$doGetBean$0(AbstractBeanFactory.java:339)
	at org.springframework.beans.factory.support.DefaultSingletonBeanRegistry.getSingleton(DefaultSingletonBeanRegistry.java:373)
	at org.springframework.beans.factory.support.AbstractBeanFactory.doGetBean(AbstractBeanFactory.java:337)
	at org.springframework.beans.factory.support.AbstractBeanFactory.getBean(AbstractBeanFactory.java:202)
	at org.springframework.beans.factory.support.DefaultListableBeanFactory.instantiateSingleton(DefaultListableBeanFactory.java:1222)
	at org.springframework.beans.factory.support.DefaultListableBeanFactory.preInstantiateSingleton(DefaultListableBeanFactory.java:1188)
	at org.springframework.beans.factory.support.DefaultListableBeanFactory.preInstantiateSingletons(DefaultListableBeanFactory.java:1123)
	at org.springframework.context.support.AbstractApplicationContext.finishBeanFactoryInitialization(AbstractApplicationContext.java:987)
	at org.springframework.context.support.AbstractApplicationContext.refresh(AbstractApplicationContext.java:627)
	at org.springframework.boot.web.servlet.context.ServletWebServerApplicationContext.refresh(ServletWebServerApplicationContext.java:146)
	at org.springframework.boot.SpringApplication.refresh(SpringApplication.java:752)
	at org.springframework.boot.SpringApplication.refreshContext(SpringApplication.java:439)
	at org.springframework.boot.SpringApplication.run(SpringApplication.java:318)
	at org.springframework.boot.SpringApplication.run(SpringApplication.java:1361)
	at org.springframework.boot.SpringApplication.run(SpringApplication.java:1350)
	at org.pkwmtt.PkwmttBackendApplication.main(PkwmttBackendApplication.java:12)
	at java.base/jdk.internal.reflect.DirectMethodHandleAccessor.invoke(DirectMethodHandleAccessor.java:103)
	at java.base/java.lang.reflect.Method.invoke(Method.java:580)
	at org.springframework.boot.devtools.restart.RestartLauncher.run(RestartLauncher.java:50)
Caused by: org.springframework.beans.factory.UnsatisfiedDependencyException: Error creating bean with name 'examService' defined in file [D:\Java\PKWMTT\target\classes\org\pkwmtt\examCalendar\ExamService.class]: Unsatisfied dependency expressed through constructor parameter 0: Error creating bean with name 'examRepository' defined in org.pkwmtt.examCalendar.repository.ExamRepository defined in @EnableJpaRepositories declared on JpaRepositoriesRegistrar.EnableJpaRepositoriesConfiguration: Could not create query for public abstract java.util.Set org.pkwmtt.examCalendar.repository.ExamRepository.findByGroupsIn(java.util.Set); Reason: Validation failed for query for method public abstract java.util.Set org.pkwmtt.examCalendar.repository.ExamRepository.findByGroupsIn(java.util.Set)
	at org.springframework.beans.factory.support.ConstructorResolver.createArgumentArray(ConstructorResolver.java:804)
	at org.springframework.beans.factory.support.ConstructorResolver.autowireConstructor(ConstructorResolver.java:240)
	at org.springframework.beans.factory.support.AbstractAutowireCapableBeanFactory.autowireConstructor(AbstractAutowireCapableBeanFactory.java:1395)
	at org.springframework.beans.factory.support.AbstractAutowireCapableBeanFactory.createBeanInstance(AbstractAutowireCapableBeanFactory.java:1232)
	at org.springframework.beans.factory.support.AbstractAutowireCapableBeanFactory.doCreateBean(AbstractAutowireCapableBeanFactory.java:569)
	at org.springframework.beans.factory.support.AbstractAutowireCapableBeanFactory.createBean(AbstractAutowireCapableBeanFactory.java:529)
	at org.springframework.beans.factory.support.AbstractBeanFactory.lambda$doGetBean$0(AbstractBeanFactory.java:339)
	at org.springframework.beans.factory.support.DefaultSingletonBeanRegistry.getSingleton(DefaultSingletonBeanRegistry.java:373)
	at org.springframework.beans.factory.support.AbstractBeanFactory.doGetBean(AbstractBeanFactory.java:337)
	at org.springframework.beans.factory.support.AbstractBeanFactory.getBean(AbstractBeanFactory.java:202)
	at org.springframework.beans.factory.support.DefaultListableBeanFactory.doResolveDependency(DefaultListableBeanFactory.java:1683)
	at org.springframework.beans.factory.support.DefaultListableBeanFactory.resolveDependency(DefaultListableBeanFactory.java:1628)
	at org.springframework.beans.factory.support.ConstructorResolver.resolveAutowiredArgument(ConstructorResolver.java:913)
	at org.springframework.beans.factory.support.ConstructorResolver.createArgumentArray(ConstructorResolver.java:791)
	... 24 common frames omitted
Caused by: org.springframework.beans.factory.BeanCreationException: Error creating bean with name 'examRepository' defined in org.pkwmtt.examCalendar.repository.ExamRepository defined in @EnableJpaRepositories declared on JpaRepositoriesRegistrar.EnableJpaRepositoriesConfiguration: Could not create query for public abstract java.util.Set org.pkwmtt.examCalendar.repository.ExamRepository.findByGroupsIn(java.util.Set); Reason: Validation failed for query for method public abstract java.util.Set org.pkwmtt.examCalendar.repository.ExamRepository.findByGroupsIn(java.util.Set)
	at org.springframework.beans.factory.support.AbstractAutowireCapableBeanFactory.initializeBean(AbstractAutowireCapableBeanFactory.java:1826)
	at org.springframework.beans.factory.support.AbstractAutowireCapableBeanFactory.doCreateBean(AbstractAutowireCapableBeanFactory.java:607)
	at org.springframework.beans.factory.support.AbstractAutowireCapableBeanFactory.createBean(AbstractAutowireCapableBeanFactory.java:529)
	at org.springframework.beans.factory.support.AbstractBeanFactory.lambda$doGetBean$0(AbstractBeanFactory.java:339)
	at org.springframework.beans.factory.support.DefaultSingletonBeanRegistry.getSingleton(DefaultSingletonBeanRegistry.java:373)
	at org.springframework.beans.factory.support.AbstractBeanFactory.doGetBean(AbstractBeanFactory.java:337)
	at org.springframework.beans.factory.support.AbstractBeanFactory.getBean(AbstractBeanFactory.java:202)
	at org.springframework.beans.factory.support.DefaultListableBeanFactory.doResolveDependency(DefaultListableBeanFactory.java:1683)
	at org.springframework.beans.factory.support.DefaultListableBeanFactory.resolveDependency(DefaultListableBeanFactory.java:1628)
	at org.springframework.beans.factory.support.ConstructorResolver.resolveAutowiredArgument(ConstructorResolver.java:913)
	at org.springframework.beans.factory.support.ConstructorResolver.createArgumentArray(ConstructorResolver.java:791)
	... 37 common frames omitted
Caused by: org.springframework.data.repository.query.QueryCreationException: Could not create query for public abstract java.util.Set org.pkwmtt.examCalendar.repository.ExamRepository.findByGroupsIn(java.util.Set); Reason: Validation failed for query for method public abstract java.util.Set org.pkwmtt.examCalendar.repository.ExamRepository.findByGroupsIn(java.util.Set)
	at org.springframework.data.repository.query.QueryCreationException.create(QueryCreationException.java:101)
	at org.springframework.data.repository.core.support.QueryExecutorMethodInterceptor.lookupQuery(QueryExecutorMethodInterceptor.java:120)
	at org.springframework.data.repository.core.support.QueryExecutorMethodInterceptor.mapMethodsToQuery(QueryExecutorMethodInterceptor.java:104)
	at org.springframework.data.repository.core.support.QueryExecutorMethodInterceptor.lambda$new$0(QueryExecutorMethodInterceptor.java:92)
	at java.base/java.util.Optional.map(Optional.java:260)
	at org.springframework.data.repository.core.support.QueryExecutorMethodInterceptor.<init>(QueryExecutorMethodInterceptor.java:92)
	at org.springframework.data.repository.core.support.RepositoryFactorySupport.getRepository(RepositoryFactorySupport.java:434)
	at org.springframework.data.repository.core.support.RepositoryFactoryBeanSupport.lambda$afterPropertiesSet$4(RepositoryFactoryBeanSupport.java:350)
	at org.springframework.data.util.Lazy.getNullable(Lazy.java:135)
	at org.springframework.data.util.Lazy.get(Lazy.java:113)
	at org.springframework.data.repository.core.support.RepositoryFactoryBeanSupport.afterPropertiesSet(RepositoryFactoryBeanSupport.java:356)
	at org.springframework.data.jpa.repository.support.JpaRepositoryFactoryBean.afterPropertiesSet(JpaRepositoryFactoryBean.java:132)
	at org.springframework.beans.factory.support.AbstractAutowireCapableBeanFactory.invokeInitMethods(AbstractAutowireCapableBeanFactory.java:1873)
	at org.springframework.beans.factory.support.AbstractAutowireCapableBeanFactory.initializeBean(AbstractAutowireCapableBeanFactory.java:1822)
	... 47 common frames omitted
Caused by: java.lang.IllegalArgumentException: Validation failed for query for method public abstract java.util.Set org.pkwmtt.examCalendar.repository.ExamRepository.findByGroupsIn(java.util.Set)
	at org.springframework.data.jpa.repository.query.SimpleJpaQuery.validateQuery(SimpleJpaQuery.java:97)
	at org.springframework.data.jpa.repository.query.SimpleJpaQuery.<init>(SimpleJpaQuery.java:67)
	at org.springframework.data.jpa.repository.query.JpaQueryFactory.fromMethodWithQueryString(JpaQueryFactory.java:49)
	at org.springframework.data.jpa.repository.query.JpaQueryLookupStrategy$DeclaredQueryLookupStrategy.resolveQuery(JpaQueryLookupStrategy.java:174)
	at org.springframework.data.jpa.repository.query.JpaQueryLookupStrategy$CreateIfNotFoundQueryLookupStrategy.resolveQuery(JpaQueryLookupStrategy.java:254)
	at org.springframework.data.jpa.repository.query.JpaQueryLookupStrategy$AbstractQueryLookupStrategy.resolveQuery(JpaQueryLookupStrategy.java:99)
	at org.springframework.data.repository.core.support.QueryExecutorMethodInterceptor.lookupQuery(QueryExecutorMethodInterceptor.java:116)
	... 59 common frames omitted
Caused by: java.lang.IllegalArgumentException: org.hibernate.query.SemanticException: Multi valued paths are only allowed for the member of operator
	at org.hibernate.internal.ExceptionConverterImpl.convert(ExceptionConverterImpl.java:143)
	at org.hibernate.internal.ExceptionConverterImpl.convert(ExceptionConverterImpl.java:167)
	at org.hibernate.internal.ExceptionConverterImpl.convert(ExceptionConverterImpl.java:173)
	at org.hibernate.internal.AbstractSharedSessionContract.createQuery(AbstractSharedSessionContract.java:886)
	at org.hibernate.internal.AbstractSharedSessionContract.createQuery(AbstractSharedSessionContract.java:796)
	at org.hibernate.internal.AbstractSharedSessionContract.createQuery(AbstractSharedSessionContract.java:143)
	at java.base/jdk.internal.reflect.DirectMethodHandleAccessor.invoke(DirectMethodHandleAccessor.java:103)
	at java.base/java.lang.reflect.Method.invoke(Method.java:580)
	at org.springframework.orm.jpa.ExtendedEntityManagerCreator$ExtendedEntityManagerInvocationHandler.invoke(ExtendedEntityManagerCreator.java:364)
	at jdk.proxy3/jdk.proxy3.$Proxy159.createQuery(Unknown Source)
	at org.springframework.data.jpa.repository.query.SimpleJpaQuery.validateQuery(SimpleJpaQuery.java:91)
	... 65 common frames omitted
Caused by: org.hibernate.query.SemanticException: Multi valued paths are only allowed for the member of operator
	at org.hibernate.query.sqm.internal.TypecheckUtil.assertComparable(TypecheckUtil.java:397)
	at org.hibernate.query.sqm.tree.predicate.SqmInListPredicate.implyListElementType(SqmInListPredicate.java:139)
	at org.hibernate.query.sqm.tree.predicate.SqmInListPredicate.<init>(SqmInListPredicate.java:61)
	at org.hibernate.query.hql.internal.SemanticQueryBuilder.visitInPredicate(SemanticQueryBuilder.java:2847)
	at org.hibernate.query.hql.internal.SemanticQueryBuilder.visitInPredicate(SemanticQueryBuilder.java:277)
	at org.hibernate.grammars.hql.HqlParser$InPredicateContext.accept(HqlParser.java:6560)
	at org.hibernate.query.hql.internal.SemanticQueryBuilder.visitWhereClause(SemanticQueryBuilder.java:2361)
	at org.hibernate.query.hql.internal.SemanticQueryBuilder.visitWhereClause(SemanticQueryBuilder.java:277)
	at org.hibernate.grammars.hql.HqlParser$WhereClauseContext.accept(HqlParser.java:6302)
	at org.hibernate.query.hql.internal.SemanticQueryBuilder.visitQuery(SemanticQueryBuilder.java:1259)
	at org.hibernate.query.hql.internal.SemanticQueryBuilder.visitQuerySpecExpression(SemanticQueryBuilder.java:1040)
	at org.hibernate.query.hql.internal.SemanticQueryBuilder.visitQuerySpecExpression(SemanticQueryBuilder.java:277)
	at org.hibernate.grammars.hql.HqlParser$QuerySpecExpressionContext.accept(HqlParser.java:2134)
	at org.hibernate.query.hql.internal.SemanticQueryBuilder.visitSimpleQueryGroup(SemanticQueryBuilder.java:1025)
	at org.hibernate.query.hql.internal.SemanticQueryBuilder.visitSimpleQueryGroup(SemanticQueryBuilder.java:277)
	at org.hibernate.grammars.hql.HqlParser$SimpleQueryGroupContext.accept(HqlParser.java:2005)
	at org.hibernate.query.hql.internal.SemanticQueryBuilder.visitSelectStatement(SemanticQueryBuilder.java:492)
	at org.hibernate.query.hql.internal.SemanticQueryBuilder.visitStatement(SemanticQueryBuilder.java:451)
	at org.hibernate.query.hql.internal.SemanticQueryBuilder.buildSemanticModel(SemanticQueryBuilder.java:324)
	at org.hibernate.query.hql.internal.StandardHqlTranslator.translate(StandardHqlTranslator.java:71)
	at org.hibernate.query.internal.QueryInterpretationCacheStandardImpl.createHqlInterpretation(QueryInterpretationCacheStandardImpl.java:145)
	at org.hibernate.query.internal.QueryInterpretationCacheStandardImpl.resolveHqlInterpretation(QueryInterpretationCacheStandardImpl.java:132)
	at org.hibernate.query.spi.QueryEngine.interpretHql(QueryEngine.java:54)
	at org.hibernate.internal.AbstractSharedSessionContract.interpretHql(AbstractSharedSessionContract.java:832)
	at org.hibernate.internal.AbstractSharedSessionContract.createQuery(AbstractSharedSessionContract.java:878)
	... 72 common frames omitted
2025-08-20 13:10:59 ERROR org.pkwmtt.config.StartupConfig - !Couldn't log the server base url. Check properties in application.properties
2025-08-20 13:11:01 ERROR org.pkwmtt.config.StartupConfig - !Couldn't log the server base url. Check properties in application.properties
2025-08-20 13:11:01 ERROR o.h.e.jdbc.spi.SqlExceptionHelper - Kolumna "E1_0.exam_date" nie istnieje
Column "E1_0.exam_date" not found; SQL statement:
select e1_0.exam_id,e1_0.description,e1_0."exam_date",e1_0.exam_type_id,e1_0.title from exams e1_0 [42122-232]
2025-08-20 13:11:01 ERROR o.h.e.jdbc.spi.SqlExceptionHelper - Kolumna "E1_0.exam_date" nie istnieje
Column "E1_0.exam_date" not found; SQL statement:
select e1_0.exam_id,e1_0.description,e1_0."exam_date",e1_0.exam_type_id,e1_0.title from exams e1_0 [42122-232]
2025-08-20 13:11:01 ERROR o.h.e.jdbc.spi.SqlExceptionHelper - Kolumna "E1_0.exam_date" nie istnieje
Column "E1_0.exam_date" not found; SQL statement:
select e1_0.exam_id,e1_0.description,e1_0."exam_date",e1_0.exam_type_id,e1_0.title from exams e1_0 [42122-232]
2025-08-20 13:11:01 ERROR o.h.e.jdbc.spi.SqlExceptionHelper - Kolumna "E1_0.exam_date" nie istnieje
Column "E1_0.exam_date" not found; SQL statement:
select e1_0.exam_id,e1_0.description,e1_0."exam_date",e1_0.exam_type_id,e1_0.title from exams e1_0 [42122-232]
2025-08-20 13:11:01 ERROR o.h.e.jdbc.spi.SqlExceptionHelper - Kolumna "E1_0.exam_date" nie istnieje
Column "E1_0.exam_date" not found; SQL statement:
select e1_0.exam_id,e1_0.description,e1_0."exam_date",e1_0.exam_type_id,e1_0.title from exams e1_0 [42122-232]
2025-08-20 13:11:01 ERROR o.h.e.jdbc.spi.SqlExceptionHelper - Kolumna "E1_0.exam_date" nie istnieje
Column "E1_0.exam_date" not found; SQL statement:
select e1_0.exam_id,e1_0.description,e1_0."exam_date",e1_0.exam_type_id,e1_0.title from exams e1_0 [42122-232]
2025-08-20 13:11:01 ERROR o.h.e.jdbc.spi.SqlExceptionHelper - Kolumna "E1_0.exam_date" nie istnieje
Column "E1_0.exam_date" not found; SQL statement:
select e1_0.exam_id,e1_0.description,e1_0."exam_date",e1_0.exam_type_id,e1_0.title from exams e1_0 [42122-232]
2025-08-20 13:11:01 ERROR o.h.e.jdbc.spi.SqlExceptionHelper - Kolumna "E1_0.exam_date" nie istnieje
Column "E1_0.exam_date" not found; SQL statement:
select e1_0.exam_id,e1_0.description,e1_0."exam_date",e1_0.exam_type_id,e1_0.title from exams e1_0 [42122-232]
2025-08-20 13:11:01 ERROR o.h.e.jdbc.spi.SqlExceptionHelper - Kolumna "E1_0.exam_date" nie istnieje
Column "E1_0.exam_date" not found; SQL statement:
select e1_0.exam_id,e1_0.description,e1_0."exam_date",e1_0.exam_type_id,e1_0.title from exams e1_0 [42122-232]
2025-08-20 13:11:01 ERROR o.h.e.jdbc.spi.SqlExceptionHelper - Kolumna "E1_0.exam_date" nie istnieje
Column "E1_0.exam_date" not found; SQL statement:
select e1_0.exam_id,e1_0.description,e1_0."exam_date",e1_0.exam_type_id,e1_0.title from exams e1_0 [42122-232]
2025-08-20 13:11:01 ERROR o.h.e.jdbc.spi.SqlExceptionHelper - Kolumna "E1_0.exam_date" nie istnieje
Column "E1_0.exam_date" not found; SQL statement:
select e1_0.exam_id,e1_0.description,e1_0."exam_date",e1_0.exam_type_id,e1_0.title from exams e1_0 [42122-232]
2025-08-20 13:11:01 ERROR o.h.e.jdbc.spi.SqlExceptionHelper - Kolumna "E1_0.exam_date" nie istnieje
Column "E1_0.exam_date" not found; SQL statement:
select e1_0.exam_id,e1_0.description,e1_0."exam_date",e1_0.exam_type_id,e1_0.title from exams e1_0 [42122-232]
2025-08-20 13:11:01 ERROR o.h.e.jdbc.spi.SqlExceptionHelper - Kolumna "E1_0.exam_date" nie istnieje
Column "E1_0.exam_date" not found; SQL statement:
select e1_0.exam_id,e1_0.description,e1_0."exam_date",e1_0.exam_type_id,e1_0.title from exams e1_0 [42122-232]
2025-08-20 13:11:01 ERROR o.h.e.jdbc.spi.SqlExceptionHelper - Kolumna "E1_0.exam_date" nie istnieje
Column "E1_0.exam_date" not found; SQL statement:
select e1_0.exam_id,e1_0.description,e1_0."exam_date",e1_0.exam_type_id,e1_0.title from exams e1_0 [42122-232]
2025-08-20 13:11:01 ERROR o.h.e.jdbc.spi.SqlExceptionHelper - Kolumna "E1_0.exam_date" nie istnieje
Column "E1_0.exam_date" not found; SQL statement:
select e1_0.exam_id,e1_0.description,e1_0."exam_date",e1_0.exam_type_id,e1_0.title from exams e1_0 [42122-232]
2025-08-20 13:11:01 ERROR o.h.e.jdbc.spi.SqlExceptionHelper - Kolumna "E1_0.exam_date" nie istnieje
Column "E1_0.exam_date" not found; SQL statement:
select e1_0.exam_id,e1_0.description,e1_0."exam_date",e1_0.exam_type_id,e1_0.title from exams e1_0 [42122-232]
2025-08-20 13:11:01 ERROR o.h.e.jdbc.spi.SqlExceptionHelper - Kolumna "E1_0.exam_date" nie istnieje
Column "E1_0.exam_date" not found; SQL statement:
select e1_0.exam_id,e1_0.description,e1_0."exam_date",e1_0.exam_type_id,e1_0.title from exams e1_0 [42122-232]
2025-08-20 13:11:01 ERROR o.h.e.jdbc.spi.SqlExceptionHelper - Kolumna "E1_0.exam_date" nie istnieje
Column "E1_0.exam_date" not found; SQL statement:
select e1_0.exam_id,e1_0.description,e1_0."exam_date",e1_0.exam_type_id,e1_0.title from exams e1_0 [42122-232]
2025-08-20 13:11:01 ERROR o.h.e.jdbc.spi.SqlExceptionHelper - Kolumna "E1_0.exam_date" nie istnieje
Column "E1_0.exam_date" not found; SQL statement:
select e1_0.exam_id,e1_0.description,e1_0."exam_date",e1_0.exam_type_id,e1_0.title from exams e1_0 [42122-232]
2025-08-20 13:11:01 ERROR o.h.e.jdbc.spi.SqlExceptionHelper - Kolumna "E1_0.exam_date" nie istnieje
Column "E1_0.exam_date" not found; SQL statement:
select e1_0.exam_id,e1_0.description,e1_0."exam_date",e1_0.exam_type_id,e1_0.title from exams e1_0 [42122-232]
2025-08-20 13:11:01 ERROR o.h.e.jdbc.spi.SqlExceptionHelper - Kolumna "E1_0.exam_date" nie istnieje
Column "E1_0.exam_date" not found; SQL statement:
select e1_0.exam_id,e1_0.description,e1_0."exam_date",e1_0.exam_type_id,e1_0.title from exams e1_0 [42122-232]
2025-08-20 13:11:01 ERROR o.h.e.jdbc.spi.SqlExceptionHelper - Kolumna "E1_0.exam_date" nie istnieje
Column "E1_0.exam_date" not found; SQL statement:
select e1_0.exam_id,e1_0.description,e1_0."exam_date",e1_0.exam_type_id,e1_0.title from exams e1_0 [42122-232]
2025-08-20 13:11:02 ERROR org.pkwmtt.config.StartupConfig - !Couldn't log the server base url. Check properties in application.properties
2025-08-20 13:23:25 ERROR org.pkwmtt.config.StartupConfig - !Couldn't log the server base url. Check properties in application.properties
2025-08-20 13:23:27 ERROR org.pkwmtt.config.StartupConfig - !Couldn't log the server base url. Check properties in application.properties
2025-08-20 13:23:27 ERROR o.h.e.jdbc.spi.SqlExceptionHelper - Kolumna "E1_0.exam_date" nie istnieje
Column "E1_0.exam_date" not found; SQL statement:
select e1_0.exam_id,e1_0.description,e1_0."exam_date",e1_0.exam_type_id,e1_0.title from exams e1_0 [42122-232]
2025-08-20 13:23:27 ERROR o.h.e.jdbc.spi.SqlExceptionHelper - Kolumna "E1_0.exam_date" nie istnieje
Column "E1_0.exam_date" not found; SQL statement:
select e1_0.exam_id,e1_0.description,e1_0."exam_date",e1_0.exam_type_id,e1_0.title from exams e1_0 [42122-232]
2025-08-20 13:23:27 ERROR o.h.e.jdbc.spi.SqlExceptionHelper - Kolumna "E1_0.exam_date" nie istnieje
Column "E1_0.exam_date" not found; SQL statement:
select e1_0.exam_id,e1_0.description,e1_0."exam_date",e1_0.exam_type_id,e1_0.title from exams e1_0 [42122-232]
2025-08-20 13:23:27 ERROR o.h.e.jdbc.spi.SqlExceptionHelper - Kolumna "E1_0.exam_date" nie istnieje
Column "E1_0.exam_date" not found; SQL statement:
select e1_0.exam_id,e1_0.description,e1_0."exam_date",e1_0.exam_type_id,e1_0.title from exams e1_0 [42122-232]
2025-08-20 13:23:27 ERROR o.h.e.jdbc.spi.SqlExceptionHelper - Kolumna "E1_0.exam_date" nie istnieje
Column "E1_0.exam_date" not found; SQL statement:
select e1_0.exam_id,e1_0.description,e1_0."exam_date",e1_0.exam_type_id,e1_0.title from exams e1_0 [42122-232]
2025-08-20 13:23:27 ERROR o.h.e.jdbc.spi.SqlExceptionHelper - Kolumna "E1_0.exam_date" nie istnieje
Column "E1_0.exam_date" not found; SQL statement:
select e1_0.exam_id,e1_0.description,e1_0."exam_date",e1_0.exam_type_id,e1_0.title from exams e1_0 [42122-232]
2025-08-20 13:23:27 ERROR o.h.e.jdbc.spi.SqlExceptionHelper - Kolumna "E1_0.exam_date" nie istnieje
Column "E1_0.exam_date" not found; SQL statement:
select e1_0.exam_id,e1_0.description,e1_0."exam_date",e1_0.exam_type_id,e1_0.title from exams e1_0 [42122-232]
2025-08-20 13:23:27 ERROR o.h.e.jdbc.spi.SqlExceptionHelper - Kolumna "E1_0.exam_date" nie istnieje
Column "E1_0.exam_date" not found; SQL statement:
select e1_0.exam_id,e1_0.description,e1_0."exam_date",e1_0.exam_type_id,e1_0.title from exams e1_0 [42122-232]
2025-08-20 13:23:27 ERROR o.h.e.jdbc.spi.SqlExceptionHelper - Kolumna "E1_0.exam_date" nie istnieje
Column "E1_0.exam_date" not found; SQL statement:
select e1_0.exam_id,e1_0.description,e1_0."exam_date",e1_0.exam_type_id,e1_0.title from exams e1_0 [42122-232]
2025-08-20 13:23:27 ERROR o.h.e.jdbc.spi.SqlExceptionHelper - Kolumna "E1_0.exam_date" nie istnieje
Column "E1_0.exam_date" not found; SQL statement:
select e1_0.exam_id,e1_0.description,e1_0."exam_date",e1_0.exam_type_id,e1_0.title from exams e1_0 [42122-232]
2025-08-20 13:23:27 ERROR o.h.e.jdbc.spi.SqlExceptionHelper - Kolumna "E1_0.exam_date" nie istnieje
Column "E1_0.exam_date" not found; SQL statement:
select e1_0.exam_id,e1_0.description,e1_0."exam_date",e1_0.exam_type_id,e1_0.title from exams e1_0 [42122-232]
2025-08-20 13:23:27 ERROR o.h.e.jdbc.spi.SqlExceptionHelper - Kolumna "E1_0.exam_date" nie istnieje
Column "E1_0.exam_date" not found; SQL statement:
select e1_0.exam_id,e1_0.description,e1_0."exam_date",e1_0.exam_type_id,e1_0.title from exams e1_0 [42122-232]
2025-08-20 13:23:27 ERROR o.h.e.jdbc.spi.SqlExceptionHelper - Kolumna "E1_0.exam_date" nie istnieje
Column "E1_0.exam_date" not found; SQL statement:
select e1_0.exam_id,e1_0.description,e1_0."exam_date",e1_0.exam_type_id,e1_0.title from exams e1_0 [42122-232]
2025-08-20 13:23:27 ERROR o.h.e.jdbc.spi.SqlExceptionHelper - Kolumna "E1_0.exam_date" nie istnieje
Column "E1_0.exam_date" not found; SQL statement:
select e1_0.exam_id,e1_0.description,e1_0."exam_date",e1_0.exam_type_id,e1_0.title from exams e1_0 [42122-232]
2025-08-20 13:23:27 ERROR o.h.e.jdbc.spi.SqlExceptionHelper - Kolumna "E1_0.exam_date" nie istnieje
Column "E1_0.exam_date" not found; SQL statement:
select e1_0.exam_id,e1_0.description,e1_0."exam_date",e1_0.exam_type_id,e1_0.title from exams e1_0 [42122-232]
2025-08-20 13:23:27 ERROR o.h.e.jdbc.spi.SqlExceptionHelper - Kolumna "E1_0.exam_date" nie istnieje
Column "E1_0.exam_date" not found; SQL statement:
select e1_0.exam_id,e1_0.description,e1_0."exam_date",e1_0.exam_type_id,e1_0.title from exams e1_0 [42122-232]
2025-08-20 13:23:27 ERROR o.h.e.jdbc.spi.SqlExceptionHelper - Kolumna "E1_0.exam_date" nie istnieje
Column "E1_0.exam_date" not found; SQL statement:
select e1_0.exam_id,e1_0.description,e1_0."exam_date",e1_0.exam_type_id,e1_0.title from exams e1_0 [42122-232]
2025-08-20 13:23:27 ERROR o.h.e.jdbc.spi.SqlExceptionHelper - Kolumna "E1_0.exam_date" nie istnieje
Column "E1_0.exam_date" not found; SQL statement:
select e1_0.exam_id,e1_0.description,e1_0."exam_date",e1_0.exam_type_id,e1_0.title from exams e1_0 [42122-232]
2025-08-20 13:23:27 ERROR o.h.e.jdbc.spi.SqlExceptionHelper - Kolumna "E1_0.exam_date" nie istnieje
Column "E1_0.exam_date" not found; SQL statement:
select e1_0.exam_id,e1_0.description,e1_0."exam_date",e1_0.exam_type_id,e1_0.title from exams e1_0 [42122-232]
2025-08-20 13:23:27 ERROR o.h.e.jdbc.spi.SqlExceptionHelper - Kolumna "E1_0.exam_date" nie istnieje
Column "E1_0.exam_date" not found; SQL statement:
select e1_0.exam_id,e1_0.description,e1_0."exam_date",e1_0.exam_type_id,e1_0.title from exams e1_0 [42122-232]
2025-08-20 13:23:27 ERROR o.h.e.jdbc.spi.SqlExceptionHelper - Kolumna "E1_0.exam_date" nie istnieje
Column "E1_0.exam_date" not found; SQL statement:
select e1_0.exam_id,e1_0.description,e1_0."exam_date",e1_0.exam_type_id,e1_0.title from exams e1_0 [42122-232]
2025-08-20 13:23:27 ERROR o.h.e.jdbc.spi.SqlExceptionHelper - Kolumna "E1_0.exam_date" nie istnieje
Column "E1_0.exam_date" not found; SQL statement:
select e1_0.exam_id,e1_0.description,e1_0."exam_date",e1_0.exam_type_id,e1_0.title from exams e1_0 [42122-232]
2025-08-20 13:23:28 ERROR org.pkwmtt.config.StartupConfig - !Couldn't log the server base url. Check properties in application.properties
2025-08-20 14:04:04 ERROR org.pkwmtt.config.StartupConfig - !Couldn't log the server base url. Check properties in application.properties
2025-08-20 14:04:05 ERROR org.pkwmtt.config.StartupConfig - !Couldn't log the server base url. Check properties in application.properties
2025-08-20 14:04:05 ERROR o.h.e.jdbc.spi.SqlExceptionHelper - Kolumna "E1_0.exam_date" nie istnieje
Column "E1_0.exam_date" not found; SQL statement:
select e1_0.exam_id,e1_0.description,e1_0."exam_date",e1_0.exam_type_id,e1_0.title from exams e1_0 [42122-232]
2025-08-20 14:04:05 ERROR o.h.e.jdbc.spi.SqlExceptionHelper - Kolumna "E1_0.exam_date" nie istnieje
Column "E1_0.exam_date" not found; SQL statement:
select e1_0.exam_id,e1_0.description,e1_0."exam_date",e1_0.exam_type_id,e1_0.title from exams e1_0 [42122-232]
2025-08-20 14:04:05 ERROR o.h.e.jdbc.spi.SqlExceptionHelper - Kolumna "E1_0.exam_date" nie istnieje
Column "E1_0.exam_date" not found; SQL statement:
select e1_0.exam_id,e1_0.description,e1_0."exam_date",e1_0.exam_type_id,e1_0.title from exams e1_0 [42122-232]
2025-08-20 14:04:05 ERROR o.h.e.jdbc.spi.SqlExceptionHelper - Kolumna "E1_0.exam_date" nie istnieje
Column "E1_0.exam_date" not found; SQL statement:
select e1_0.exam_id,e1_0.description,e1_0."exam_date",e1_0.exam_type_id,e1_0.title from exams e1_0 [42122-232]
2025-08-20 14:04:05 ERROR o.h.e.jdbc.spi.SqlExceptionHelper - Kolumna "E1_0.exam_date" nie istnieje
Column "E1_0.exam_date" not found; SQL statement:
select e1_0.exam_id,e1_0.description,e1_0."exam_date",e1_0.exam_type_id,e1_0.title from exams e1_0 [42122-232]
2025-08-20 14:04:05 ERROR o.h.e.jdbc.spi.SqlExceptionHelper - Kolumna "E1_0.exam_date" nie istnieje
Column "E1_0.exam_date" not found; SQL statement:
select e1_0.exam_id,e1_0.description,e1_0."exam_date",e1_0.exam_type_id,e1_0.title from exams e1_0 [42122-232]
2025-08-20 14:04:05 ERROR o.h.e.jdbc.spi.SqlExceptionHelper - Kolumna "E1_0.exam_date" nie istnieje
Column "E1_0.exam_date" not found; SQL statement:
select e1_0.exam_id,e1_0.description,e1_0."exam_date",e1_0.exam_type_id,e1_0.title from exams e1_0 [42122-232]
2025-08-20 14:04:05 ERROR o.h.e.jdbc.spi.SqlExceptionHelper - Kolumna "E1_0.exam_date" nie istnieje
Column "E1_0.exam_date" not found; SQL statement:
select e1_0.exam_id,e1_0.description,e1_0."exam_date",e1_0.exam_type_id,e1_0.title from exams e1_0 [42122-232]
2025-08-20 14:04:05 ERROR o.h.e.jdbc.spi.SqlExceptionHelper - Kolumna "E1_0.exam_date" nie istnieje
Column "E1_0.exam_date" not found; SQL statement:
select e1_0.exam_id,e1_0.description,e1_0."exam_date",e1_0.exam_type_id,e1_0.title from exams e1_0 [42122-232]
2025-08-20 14:04:05 ERROR o.h.e.jdbc.spi.SqlExceptionHelper - Kolumna "E1_0.exam_date" nie istnieje
Column "E1_0.exam_date" not found; SQL statement:
select e1_0.exam_id,e1_0.description,e1_0."exam_date",e1_0.exam_type_id,e1_0.title from exams e1_0 [42122-232]
2025-08-20 14:04:05 ERROR o.h.e.jdbc.spi.SqlExceptionHelper - Kolumna "E1_0.exam_date" nie istnieje
Column "E1_0.exam_date" not found; SQL statement:
select e1_0.exam_id,e1_0.description,e1_0."exam_date",e1_0.exam_type_id,e1_0.title from exams e1_0 [42122-232]
2025-08-20 14:04:05 ERROR o.h.e.jdbc.spi.SqlExceptionHelper - Kolumna "E1_0.exam_date" nie istnieje
Column "E1_0.exam_date" not found; SQL statement:
select e1_0.exam_id,e1_0.description,e1_0."exam_date",e1_0.exam_type_id,e1_0.title from exams e1_0 [42122-232]
2025-08-20 14:04:05 ERROR o.h.e.jdbc.spi.SqlExceptionHelper - Kolumna "E1_0.exam_date" nie istnieje
Column "E1_0.exam_date" not found; SQL statement:
select e1_0.exam_id,e1_0.description,e1_0."exam_date",e1_0.exam_type_id,e1_0.title from exams e1_0 [42122-232]
2025-08-20 14:04:05 ERROR o.h.e.jdbc.spi.SqlExceptionHelper - Kolumna "E1_0.exam_date" nie istnieje
Column "E1_0.exam_date" not found; SQL statement:
select e1_0.exam_id,e1_0.description,e1_0."exam_date",e1_0.exam_type_id,e1_0.title from exams e1_0 [42122-232]
2025-08-20 14:04:05 ERROR o.h.e.jdbc.spi.SqlExceptionHelper - Kolumna "E1_0.exam_date" nie istnieje
Column "E1_0.exam_date" not found; SQL statement:
select e1_0.exam_id,e1_0.description,e1_0."exam_date",e1_0.exam_type_id,e1_0.title from exams e1_0 [42122-232]
2025-08-20 14:04:05 ERROR o.h.e.jdbc.spi.SqlExceptionHelper - Kolumna "E1_0.exam_date" nie istnieje
Column "E1_0.exam_date" not found; SQL statement:
select e1_0.exam_id,e1_0.description,e1_0."exam_date",e1_0.exam_type_id,e1_0.title from exams e1_0 [42122-232]
2025-08-20 14:04:05 ERROR o.h.e.jdbc.spi.SqlExceptionHelper - Kolumna "E1_0.exam_date" nie istnieje
Column "E1_0.exam_date" not found; SQL statement:
select e1_0.exam_id,e1_0.description,e1_0."exam_date",e1_0.exam_type_id,e1_0.title from exams e1_0 [42122-232]
2025-08-20 14:04:06 ERROR o.h.e.jdbc.spi.SqlExceptionHelper - Kolumna "E1_0.exam_date" nie istnieje
Column "E1_0.exam_date" not found; SQL statement:
select e1_0.exam_id,e1_0.description,e1_0."exam_date",e1_0.exam_type_id,e1_0.title from exams e1_0 [42122-232]
2025-08-20 14:04:06 ERROR o.h.e.jdbc.spi.SqlExceptionHelper - Kolumna "E1_0.exam_date" nie istnieje
Column "E1_0.exam_date" not found; SQL statement:
select e1_0.exam_id,e1_0.description,e1_0."exam_date",e1_0.exam_type_id,e1_0.title from exams e1_0 [42122-232]
2025-08-20 14:04:06 ERROR o.h.e.jdbc.spi.SqlExceptionHelper - Kolumna "E1_0.exam_date" nie istnieje
Column "E1_0.exam_date" not found; SQL statement:
select e1_0.exam_id,e1_0.description,e1_0."exam_date",e1_0.exam_type_id,e1_0.title from exams e1_0 [42122-232]
2025-08-20 14:04:06 ERROR o.h.e.jdbc.spi.SqlExceptionHelper - Kolumna "E1_0.exam_date" nie istnieje
Column "E1_0.exam_date" not found; SQL statement:
select e1_0.exam_id,e1_0.description,e1_0."exam_date",e1_0.exam_type_id,e1_0.title from exams e1_0 [42122-232]
2025-08-20 14:04:06 ERROR o.h.e.jdbc.spi.SqlExceptionHelper - Kolumna "E1_0.exam_date" nie istnieje
Column "E1_0.exam_date" not found; SQL statement:
select e1_0.exam_id,e1_0.description,e1_0."exam_date",e1_0.exam_type_id,e1_0.title from exams e1_0 [42122-232]
2025-08-20 14:04:06 ERROR org.pkwmtt.config.StartupConfig - !Couldn't log the server base url. Check properties in application.properties
2025-08-20 14:18:36 ERROR org.pkwmtt.config.StartupConfig - !Couldn't log the server base url. Check properties in application.properties
2025-08-20 14:18:37 ERROR org.pkwmtt.config.StartupConfig - !Couldn't log the server base url. Check properties in application.properties
2025-08-20 14:18:37 ERROR o.h.e.jdbc.spi.SqlExceptionHelper - Kolumna "E1_0.exam_date" nie istnieje
Column "E1_0.exam_date" not found; SQL statement:
select e1_0.exam_id,e1_0.description,e1_0."exam_date",e1_0.exam_type_id,e1_0.title from exams e1_0 [42122-232]
2025-08-20 14:18:37 ERROR o.h.e.jdbc.spi.SqlExceptionHelper - Kolumna "E1_0.exam_date" nie istnieje
Column "E1_0.exam_date" not found; SQL statement:
select e1_0.exam_id,e1_0.description,e1_0."exam_date",e1_0.exam_type_id,e1_0.title from exams e1_0 [42122-232]
2025-08-20 14:18:37 ERROR o.h.e.jdbc.spi.SqlExceptionHelper - Kolumna "E1_0.exam_date" nie istnieje
Column "E1_0.exam_date" not found; SQL statement:
select e1_0.exam_id,e1_0.description,e1_0."exam_date",e1_0.exam_type_id,e1_0.title from exams e1_0 [42122-232]
2025-08-20 14:18:37 ERROR o.h.e.jdbc.spi.SqlExceptionHelper - Kolumna "E1_0.exam_date" nie istnieje
Column "E1_0.exam_date" not found; SQL statement:
select e1_0.exam_id,e1_0.description,e1_0."exam_date",e1_0.exam_type_id,e1_0.title from exams e1_0 [42122-232]
2025-08-20 14:18:37 ERROR o.h.e.jdbc.spi.SqlExceptionHelper - Kolumna "E1_0.exam_date" nie istnieje
Column "E1_0.exam_date" not found; SQL statement:
select e1_0.exam_id,e1_0.description,e1_0."exam_date",e1_0.exam_type_id,e1_0.title from exams e1_0 [42122-232]
2025-08-20 14:18:37 ERROR o.h.e.jdbc.spi.SqlExceptionHelper - Kolumna "E1_0.exam_date" nie istnieje
Column "E1_0.exam_date" not found; SQL statement:
select e1_0.exam_id,e1_0.description,e1_0."exam_date",e1_0.exam_type_id,e1_0.title from exams e1_0 [42122-232]
2025-08-20 14:18:37 ERROR o.h.e.jdbc.spi.SqlExceptionHelper - Kolumna "E1_0.exam_date" nie istnieje
Column "E1_0.exam_date" not found; SQL statement:
select e1_0.exam_id,e1_0.description,e1_0."exam_date",e1_0.exam_type_id,e1_0.title from exams e1_0 [42122-232]
2025-08-20 14:18:37 ERROR o.h.e.jdbc.spi.SqlExceptionHelper - Kolumna "E1_0.exam_date" nie istnieje
Column "E1_0.exam_date" not found; SQL statement:
select e1_0.exam_id,e1_0.description,e1_0."exam_date",e1_0.exam_type_id,e1_0.title from exams e1_0 [42122-232]
2025-08-20 14:18:37 ERROR o.h.e.jdbc.spi.SqlExceptionHelper - Kolumna "E1_0.exam_date" nie istnieje
Column "E1_0.exam_date" not found; SQL statement:
select e1_0.exam_id,e1_0.description,e1_0."exam_date",e1_0.exam_type_id,e1_0.title from exams e1_0 [42122-232]
2025-08-20 14:18:37 ERROR o.h.e.jdbc.spi.SqlExceptionHelper - Kolumna "E1_0.exam_date" nie istnieje
Column "E1_0.exam_date" not found; SQL statement:
select e1_0.exam_id,e1_0.description,e1_0."exam_date",e1_0.exam_type_id,e1_0.title from exams e1_0 [42122-232]
2025-08-20 14:18:37 ERROR o.h.e.jdbc.spi.SqlExceptionHelper - Kolumna "E1_0.exam_date" nie istnieje
Column "E1_0.exam_date" not found; SQL statement:
select e1_0.exam_id,e1_0.description,e1_0."exam_date",e1_0.exam_type_id,e1_0.title from exams e1_0 [42122-232]
2025-08-20 14:18:37 ERROR o.h.e.jdbc.spi.SqlExceptionHelper - Kolumna "E1_0.exam_date" nie istnieje
Column "E1_0.exam_date" not found; SQL statement:
select e1_0.exam_id,e1_0.description,e1_0."exam_date",e1_0.exam_type_id,e1_0.title from exams e1_0 [42122-232]
2025-08-20 14:18:37 ERROR o.h.e.jdbc.spi.SqlExceptionHelper - Kolumna "E1_0.exam_date" nie istnieje
Column "E1_0.exam_date" not found; SQL statement:
select e1_0.exam_id,e1_0.description,e1_0."exam_date",e1_0.exam_type_id,e1_0.title from exams e1_0 [42122-232]
2025-08-20 14:18:37 ERROR o.h.e.jdbc.spi.SqlExceptionHelper - Kolumna "E1_0.exam_date" nie istnieje
Column "E1_0.exam_date" not found; SQL statement:
select e1_0.exam_id,e1_0.description,e1_0."exam_date",e1_0.exam_type_id,e1_0.title from exams e1_0 [42122-232]
2025-08-20 14:18:37 ERROR o.h.e.jdbc.spi.SqlExceptionHelper - Kolumna "E1_0.exam_date" nie istnieje
Column "E1_0.exam_date" not found; SQL statement:
select e1_0.exam_id,e1_0.description,e1_0."exam_date",e1_0.exam_type_id,e1_0.title from exams e1_0 [42122-232]
2025-08-20 14:18:37 ERROR o.h.e.jdbc.spi.SqlExceptionHelper - Kolumna "E1_0.exam_date" nie istnieje
Column "E1_0.exam_date" not found; SQL statement:
select e1_0.exam_id,e1_0.description,e1_0."exam_date",e1_0.exam_type_id,e1_0.title from exams e1_0 [42122-232]
2025-08-20 14:18:37 ERROR o.h.e.jdbc.spi.SqlExceptionHelper - Kolumna "E1_0.exam_date" nie istnieje
Column "E1_0.exam_date" not found; SQL statement:
select e1_0.exam_id,e1_0.description,e1_0."exam_date",e1_0.exam_type_id,e1_0.title from exams e1_0 [42122-232]
2025-08-20 14:18:37 ERROR o.h.e.jdbc.spi.SqlExceptionHelper - Kolumna "E1_0.exam_date" nie istnieje
Column "E1_0.exam_date" not found; SQL statement:
select e1_0.exam_id,e1_0.description,e1_0."exam_date",e1_0.exam_type_id,e1_0.title from exams e1_0 [42122-232]
2025-08-20 14:18:37 ERROR o.h.e.jdbc.spi.SqlExceptionHelper - Kolumna "E1_0.exam_date" nie istnieje
Column "E1_0.exam_date" not found; SQL statement:
select e1_0.exam_id,e1_0.description,e1_0."exam_date",e1_0.exam_type_id,e1_0.title from exams e1_0 [42122-232]
2025-08-20 14:18:38 ERROR o.h.e.jdbc.spi.SqlExceptionHelper - Kolumna "E1_0.exam_date" nie istnieje
Column "E1_0.exam_date" not found; SQL statement:
select e1_0.exam_id,e1_0.description,e1_0."exam_date",e1_0.exam_type_id,e1_0.title from exams e1_0 [42122-232]
2025-08-20 14:18:38 ERROR o.h.e.jdbc.spi.SqlExceptionHelper - Kolumna "E1_0.exam_date" nie istnieje
Column "E1_0.exam_date" not found; SQL statement:
select e1_0.exam_id,e1_0.description,e1_0."exam_date",e1_0.exam_type_id,e1_0.title from exams e1_0 [42122-232]
2025-08-20 14:18:38 ERROR o.h.e.jdbc.spi.SqlExceptionHelper - Kolumna "E1_0.exam_date" nie istnieje
Column "E1_0.exam_date" not found; SQL statement:
select e1_0.exam_id,e1_0.description,e1_0."exam_date",e1_0.exam_type_id,e1_0.title from exams e1_0 [42122-232]
2025-08-20 14:18:38 ERROR org.pkwmtt.config.StartupConfig - !Couldn't log the server base url. Check properties in application.properties
2025-08-20 14:19:20 ERROR org.pkwmtt.config.StartupConfig - !Couldn't log the server base url. Check properties in application.properties
2025-08-20 14:19:21 ERROR org.pkwmtt.config.StartupConfig - !Couldn't log the server base url. Check properties in application.properties
2025-08-20 14:19:21 ERROR o.h.e.jdbc.spi.SqlExceptionHelper - Kolumna "E1_0.exam_date" nie istnieje
Column "E1_0.exam_date" not found; SQL statement:
select e1_0.exam_id,e1_0.description,e1_0."exam_date",e1_0.exam_type_id,e1_0.title from exams e1_0 [42122-232]
2025-08-20 14:19:21 ERROR o.h.e.jdbc.spi.SqlExceptionHelper - Kolumna "E1_0.exam_date" nie istnieje
Column "E1_0.exam_date" not found; SQL statement:
select e1_0.exam_id,e1_0.description,e1_0."exam_date",e1_0.exam_type_id,e1_0.title from exams e1_0 [42122-232]
2025-08-20 14:19:21 ERROR o.h.e.jdbc.spi.SqlExceptionHelper - Kolumna "E1_0.exam_date" nie istnieje
Column "E1_0.exam_date" not found; SQL statement:
select e1_0.exam_id,e1_0.description,e1_0."exam_date",e1_0.exam_type_id,e1_0.title from exams e1_0 [42122-232]
2025-08-20 14:19:21 ERROR o.h.e.jdbc.spi.SqlExceptionHelper - Kolumna "E1_0.exam_date" nie istnieje
Column "E1_0.exam_date" not found; SQL statement:
select e1_0.exam_id,e1_0.description,e1_0."exam_date",e1_0.exam_type_id,e1_0.title from exams e1_0 [42122-232]
2025-08-20 14:19:21 ERROR o.h.e.jdbc.spi.SqlExceptionHelper - Kolumna "E1_0.exam_date" nie istnieje
Column "E1_0.exam_date" not found; SQL statement:
select e1_0.exam_id,e1_0.description,e1_0."exam_date",e1_0.exam_type_id,e1_0.title from exams e1_0 [42122-232]
2025-08-20 14:19:21 ERROR o.h.e.jdbc.spi.SqlExceptionHelper - Kolumna "E1_0.exam_date" nie istnieje
Column "E1_0.exam_date" not found; SQL statement:
select e1_0.exam_id,e1_0.description,e1_0."exam_date",e1_0.exam_type_id,e1_0.title from exams e1_0 [42122-232]
2025-08-20 14:19:22 ERROR o.h.e.jdbc.spi.SqlExceptionHelper - Kolumna "E1_0.exam_date" nie istnieje
Column "E1_0.exam_date" not found; SQL statement:
select e1_0.exam_id,e1_0.description,e1_0."exam_date",e1_0.exam_type_id,e1_0.title from exams e1_0 [42122-232]
2025-08-20 14:19:22 ERROR o.h.e.jdbc.spi.SqlExceptionHelper - Kolumna "E1_0.exam_date" nie istnieje
Column "E1_0.exam_date" not found; SQL statement:
select e1_0.exam_id,e1_0.description,e1_0."exam_date",e1_0.exam_type_id,e1_0.title from exams e1_0 [42122-232]
2025-08-20 14:19:22 ERROR o.h.e.jdbc.spi.SqlExceptionHelper - Kolumna "E1_0.exam_date" nie istnieje
Column "E1_0.exam_date" not found; SQL statement:
select e1_0.exam_id,e1_0.description,e1_0."exam_date",e1_0.exam_type_id,e1_0.title from exams e1_0 [42122-232]
2025-08-20 14:19:22 ERROR o.h.e.jdbc.spi.SqlExceptionHelper - Kolumna "E1_0.exam_date" nie istnieje
Column "E1_0.exam_date" not found; SQL statement:
select e1_0.exam_id,e1_0.description,e1_0."exam_date",e1_0.exam_type_id,e1_0.title from exams e1_0 [42122-232]
2025-08-20 14:19:22 ERROR o.h.e.jdbc.spi.SqlExceptionHelper - Kolumna "E1_0.exam_date" nie istnieje
Column "E1_0.exam_date" not found; SQL statement:
select e1_0.exam_id,e1_0.description,e1_0."exam_date",e1_0.exam_type_id,e1_0.title from exams e1_0 [42122-232]
2025-08-20 14:19:22 ERROR o.h.e.jdbc.spi.SqlExceptionHelper - Kolumna "E1_0.exam_date" nie istnieje
Column "E1_0.exam_date" not found; SQL statement:
select e1_0.exam_id,e1_0.description,e1_0."exam_date",e1_0.exam_type_id,e1_0.title from exams e1_0 [42122-232]
2025-08-20 14:19:22 ERROR o.h.e.jdbc.spi.SqlExceptionHelper - Kolumna "E1_0.exam_date" nie istnieje
Column "E1_0.exam_date" not found; SQL statement:
select e1_0.exam_id,e1_0.description,e1_0."exam_date",e1_0.exam_type_id,e1_0.title from exams e1_0 [42122-232]
2025-08-20 14:19:22 ERROR o.h.e.jdbc.spi.SqlExceptionHelper - Kolumna "E1_0.exam_date" nie istnieje
Column "E1_0.exam_date" not found; SQL statement:
select e1_0.exam_id,e1_0.description,e1_0."exam_date",e1_0.exam_type_id,e1_0.title from exams e1_0 [42122-232]
2025-08-20 14:19:22 ERROR o.h.e.jdbc.spi.SqlExceptionHelper - Kolumna "E1_0.exam_date" nie istnieje
Column "E1_0.exam_date" not found; SQL statement:
select e1_0.exam_id,e1_0.description,e1_0."exam_date",e1_0.exam_type_id,e1_0.title from exams e1_0 [42122-232]
2025-08-20 14:19:22 ERROR o.h.e.jdbc.spi.SqlExceptionHelper - Kolumna "E1_0.exam_date" nie istnieje
Column "E1_0.exam_date" not found; SQL statement:
select e1_0.exam_id,e1_0.description,e1_0."exam_date",e1_0.exam_type_id,e1_0.title from exams e1_0 [42122-232]
2025-08-20 14:19:22 ERROR o.h.e.jdbc.spi.SqlExceptionHelper - Kolumna "E1_0.exam_date" nie istnieje
Column "E1_0.exam_date" not found; SQL statement:
select e1_0.exam_id,e1_0.description,e1_0."exam_date",e1_0.exam_type_id,e1_0.title from exams e1_0 [42122-232]
2025-08-20 14:19:22 ERROR o.h.e.jdbc.spi.SqlExceptionHelper - Kolumna "E1_0.exam_date" nie istnieje
Column "E1_0.exam_date" not found; SQL statement:
select e1_0.exam_id,e1_0.description,e1_0."exam_date",e1_0.exam_type_id,e1_0.title from exams e1_0 [42122-232]
2025-08-20 14:19:22 ERROR o.h.e.jdbc.spi.SqlExceptionHelper - Kolumna "E1_0.exam_date" nie istnieje
Column "E1_0.exam_date" not found; SQL statement:
select e1_0.exam_id,e1_0.description,e1_0."exam_date",e1_0.exam_type_id,e1_0.title from exams e1_0 [42122-232]
2025-08-20 14:19:22 ERROR o.h.e.jdbc.spi.SqlExceptionHelper - Kolumna "E1_0.exam_date" nie istnieje
Column "E1_0.exam_date" not found; SQL statement:
select e1_0.exam_id,e1_0.description,e1_0."exam_date",e1_0.exam_type_id,e1_0.title from exams e1_0 [42122-232]
2025-08-20 14:19:22 ERROR o.h.e.jdbc.spi.SqlExceptionHelper - Kolumna "E1_0.exam_date" nie istnieje
Column "E1_0.exam_date" not found; SQL statement:
select e1_0.exam_id,e1_0.description,e1_0."exam_date",e1_0.exam_type_id,e1_0.title from exams e1_0 [42122-232]
2025-08-20 14:19:22 ERROR o.h.e.jdbc.spi.SqlExceptionHelper - Kolumna "E1_0.exam_date" nie istnieje
Column "E1_0.exam_date" not found; SQL statement:
select e1_0.exam_id,e1_0.description,e1_0."exam_date",e1_0.exam_type_id,e1_0.title from exams e1_0 [42122-232]
2025-08-20 14:19:22 ERROR org.pkwmtt.config.StartupConfig - !Couldn't log the server base url. Check properties in application.properties
2025-08-20 14:22:16 ERROR org.pkwmtt.config.StartupConfig - !Couldn't log the server base url. Check properties in application.properties
2025-08-20 14:22:18 ERROR org.pkwmtt.config.StartupConfig - !Couldn't log the server base url. Check properties in application.properties
2025-08-20 14:22:18 ERROR o.h.e.jdbc.spi.SqlExceptionHelper - Kolumna "E1_0.exam_date" nie istnieje
Column "E1_0.exam_date" not found; SQL statement:
select e1_0.exam_id,e1_0.description,e1_0."exam_date",e1_0.exam_type_id,e1_0.title from exams e1_0 [42122-232]
2025-08-20 14:22:18 ERROR o.h.e.jdbc.spi.SqlExceptionHelper - Kolumna "E1_0.exam_date" nie istnieje
Column "E1_0.exam_date" not found; SQL statement:
select e1_0.exam_id,e1_0.description,e1_0."exam_date",e1_0.exam_type_id,e1_0.title from exams e1_0 [42122-232]
2025-08-20 14:22:18 ERROR o.h.e.jdbc.spi.SqlExceptionHelper - Kolumna "E1_0.exam_date" nie istnieje
Column "E1_0.exam_date" not found; SQL statement:
select e1_0.exam_id,e1_0.description,e1_0."exam_date",e1_0.exam_type_id,e1_0.title from exams e1_0 [42122-232]
2025-08-20 14:22:18 ERROR o.h.e.jdbc.spi.SqlExceptionHelper - Kolumna "E1_0.exam_date" nie istnieje
Column "E1_0.exam_date" not found; SQL statement:
select e1_0.exam_id,e1_0.description,e1_0."exam_date",e1_0.exam_type_id,e1_0.title from exams e1_0 [42122-232]
2025-08-20 14:22:18 ERROR o.h.e.jdbc.spi.SqlExceptionHelper - Kolumna "E1_0.exam_date" nie istnieje
Column "E1_0.exam_date" not found; SQL statement:
select e1_0.exam_id,e1_0.description,e1_0."exam_date",e1_0.exam_type_id,e1_0.title from exams e1_0 [42122-232]
2025-08-20 14:22:18 ERROR o.h.e.jdbc.spi.SqlExceptionHelper - Kolumna "E1_0.exam_date" nie istnieje
Column "E1_0.exam_date" not found; SQL statement:
select e1_0.exam_id,e1_0.description,e1_0."exam_date",e1_0.exam_type_id,e1_0.title from exams e1_0 [42122-232]
2025-08-20 14:22:18 ERROR o.h.e.jdbc.spi.SqlExceptionHelper - Kolumna "E1_0.exam_date" nie istnieje
Column "E1_0.exam_date" not found; SQL statement:
select e1_0.exam_id,e1_0.description,e1_0."exam_date",e1_0.exam_type_id,e1_0.title from exams e1_0 [42122-232]
2025-08-20 14:22:18 ERROR o.h.e.jdbc.spi.SqlExceptionHelper - Kolumna "E1_0.exam_date" nie istnieje
Column "E1_0.exam_date" not found; SQL statement:
select e1_0.exam_id,e1_0.description,e1_0."exam_date",e1_0.exam_type_id,e1_0.title from exams e1_0 [42122-232]
2025-08-20 14:22:18 ERROR o.h.e.jdbc.spi.SqlExceptionHelper - Kolumna "E1_0.exam_date" nie istnieje
Column "E1_0.exam_date" not found; SQL statement:
select e1_0.exam_id,e1_0.description,e1_0."exam_date",e1_0.exam_type_id,e1_0.title from exams e1_0 [42122-232]
2025-08-20 14:22:18 ERROR o.h.e.jdbc.spi.SqlExceptionHelper - Kolumna "E1_0.exam_date" nie istnieje
Column "E1_0.exam_date" not found; SQL statement:
select e1_0.exam_id,e1_0.description,e1_0."exam_date",e1_0.exam_type_id,e1_0.title from exams e1_0 [42122-232]
2025-08-20 14:22:18 ERROR o.h.e.jdbc.spi.SqlExceptionHelper - Kolumna "E1_0.exam_date" nie istnieje
Column "E1_0.exam_date" not found; SQL statement:
select e1_0.exam_id,e1_0.description,e1_0."exam_date",e1_0.exam_type_id,e1_0.title from exams e1_0 [42122-232]
2025-08-20 14:22:18 ERROR o.h.e.jdbc.spi.SqlExceptionHelper - Kolumna "E1_0.exam_date" nie istnieje
Column "E1_0.exam_date" not found; SQL statement:
select e1_0.exam_id,e1_0.description,e1_0."exam_date",e1_0.exam_type_id,e1_0.title from exams e1_0 [42122-232]
2025-08-20 14:22:18 ERROR o.h.e.jdbc.spi.SqlExceptionHelper - Kolumna "E1_0.exam_date" nie istnieje
Column "E1_0.exam_date" not found; SQL statement:
select e1_0.exam_id,e1_0.description,e1_0."exam_date",e1_0.exam_type_id,e1_0.title from exams e1_0 [42122-232]
2025-08-20 14:22:18 ERROR o.h.e.jdbc.spi.SqlExceptionHelper - Kolumna "E1_0.exam_date" nie istnieje
Column "E1_0.exam_date" not found; SQL statement:
select e1_0.exam_id,e1_0.description,e1_0."exam_date",e1_0.exam_type_id,e1_0.title from exams e1_0 [42122-232]
2025-08-20 14:22:18 ERROR o.h.e.jdbc.spi.SqlExceptionHelper - Kolumna "E1_0.exam_date" nie istnieje
Column "E1_0.exam_date" not found; SQL statement:
select e1_0.exam_id,e1_0.description,e1_0."exam_date",e1_0.exam_type_id,e1_0.title from exams e1_0 [42122-232]
2025-08-20 14:22:18 ERROR o.h.e.jdbc.spi.SqlExceptionHelper - Kolumna "E1_0.exam_date" nie istnieje
Column "E1_0.exam_date" not found; SQL statement:
select e1_0.exam_id,e1_0.description,e1_0."exam_date",e1_0.exam_type_id,e1_0.title from exams e1_0 [42122-232]
2025-08-20 14:22:18 ERROR o.h.e.jdbc.spi.SqlExceptionHelper - Kolumna "E1_0.exam_date" nie istnieje
Column "E1_0.exam_date" not found; SQL statement:
select e1_0.exam_id,e1_0.description,e1_0."exam_date",e1_0.exam_type_id,e1_0.title from exams e1_0 [42122-232]
2025-08-20 14:22:18 ERROR o.h.e.jdbc.spi.SqlExceptionHelper - Kolumna "E1_0.exam_date" nie istnieje
Column "E1_0.exam_date" not found; SQL statement:
select e1_0.exam_id,e1_0.description,e1_0."exam_date",e1_0.exam_type_id,e1_0.title from exams e1_0 [42122-232]
2025-08-20 14:22:18 ERROR o.h.e.jdbc.spi.SqlExceptionHelper - Kolumna "E1_0.exam_date" nie istnieje
Column "E1_0.exam_date" not found; SQL statement:
select e1_0.exam_id,e1_0.description,e1_0."exam_date",e1_0.exam_type_id,e1_0.title from exams e1_0 [42122-232]
2025-08-20 14:22:18 ERROR o.h.e.jdbc.spi.SqlExceptionHelper - Kolumna "E1_0.exam_date" nie istnieje
Column "E1_0.exam_date" not found; SQL statement:
select e1_0.exam_id,e1_0.description,e1_0."exam_date",e1_0.exam_type_id,e1_0.title from exams e1_0 [42122-232]
2025-08-20 14:22:18 ERROR o.h.e.jdbc.spi.SqlExceptionHelper - Kolumna "E1_0.exam_date" nie istnieje
Column "E1_0.exam_date" not found; SQL statement:
select e1_0.exam_id,e1_0.description,e1_0."exam_date",e1_0.exam_type_id,e1_0.title from exams e1_0 [42122-232]
2025-08-20 14:22:18 ERROR o.h.e.jdbc.spi.SqlExceptionHelper - Kolumna "E1_0.exam_date" nie istnieje
Column "E1_0.exam_date" not found; SQL statement:
select e1_0.exam_id,e1_0.description,e1_0."exam_date",e1_0.exam_type_id,e1_0.title from exams e1_0 [42122-232]
2025-08-20 14:22:19 ERROR org.pkwmtt.config.StartupConfig - !Couldn't log the server base url. Check properties in application.properties
2025-08-21 12:46:30 ERROR org.pkwmtt.config.StartupConfig - !Couldn't log the server base url. Check properties in application.properties
2025-08-21 12:46:32 ERROR o.h.e.jdbc.spi.SqlExceptionHelper - Table "groups" not found (candidates are: "GROUPS"); SQL statement:
insert into "groups" (name,group_id) values (?,default) [42103-232]
2025-08-21 12:46:34 ERROR org.pkwmtt.config.StartupConfig - !Couldn't log the server base url. Check properties in application.properties
2025-08-21 12:46:34 ERROR o.h.e.jdbc.spi.SqlExceptionHelper - Kolumna "E1_0.exam_date" nie istnieje
Column "E1_0.exam_date" not found; SQL statement:
select e1_0.exam_id,e1_0.description,e1_0."exam_date",e1_0.exam_type_id,e1_0.title from exams e1_0 [42122-232]
2025-08-21 12:46:34 ERROR o.h.e.jdbc.spi.SqlExceptionHelper - Kolumna "E1_0.exam_date" nie istnieje
Column "E1_0.exam_date" not found; SQL statement:
select e1_0.exam_id,e1_0.description,e1_0."exam_date",e1_0.exam_type_id,e1_0.title from exams e1_0 [42122-232]
2025-08-21 12:46:34 ERROR o.h.e.jdbc.spi.SqlExceptionHelper - Kolumna "E1_0.exam_date" nie istnieje
Column "E1_0.exam_date" not found; SQL statement:
select e1_0.exam_id,e1_0.description,e1_0."exam_date",e1_0.exam_type_id,e1_0.title from exams e1_0 [42122-232]
2025-08-21 12:46:34 ERROR o.h.e.jdbc.spi.SqlExceptionHelper - Kolumna "E1_0.exam_date" nie istnieje
Column "E1_0.exam_date" not found; SQL statement:
select e1_0.exam_id,e1_0.description,e1_0."exam_date",e1_0.exam_type_id,e1_0.title from exams e1_0 [42122-232]
2025-08-21 12:46:34 ERROR o.h.e.jdbc.spi.SqlExceptionHelper - Kolumna "E1_0.exam_date" nie istnieje
Column "E1_0.exam_date" not found; SQL statement:
select e1_0.exam_id,e1_0.description,e1_0."exam_date",e1_0.exam_type_id,e1_0.title from exams e1_0 [42122-232]
2025-08-21 12:46:34 ERROR o.h.e.jdbc.spi.SqlExceptionHelper - Kolumna "E1_0.exam_date" nie istnieje
Column "E1_0.exam_date" not found; SQL statement:
select e1_0.exam_id,e1_0.description,e1_0."exam_date",e1_0.exam_type_id,e1_0.title from exams e1_0 [42122-232]
2025-08-21 12:46:34 ERROR o.h.e.jdbc.spi.SqlExceptionHelper - Kolumna "E1_0.exam_date" nie istnieje
Column "E1_0.exam_date" not found; SQL statement:
select e1_0.exam_id,e1_0.description,e1_0."exam_date",e1_0.exam_type_id,e1_0.title from exams e1_0 [42122-232]
2025-08-21 12:46:34 ERROR o.h.e.jdbc.spi.SqlExceptionHelper - Kolumna "E1_0.exam_date" nie istnieje
Column "E1_0.exam_date" not found; SQL statement:
select e1_0.exam_id,e1_0.description,e1_0."exam_date",e1_0.exam_type_id,e1_0.title from exams e1_0 [42122-232]
2025-08-21 12:46:34 ERROR o.h.e.jdbc.spi.SqlExceptionHelper - Kolumna "E1_0.exam_date" nie istnieje
Column "E1_0.exam_date" not found; SQL statement:
select e1_0.exam_id,e1_0.description,e1_0."exam_date",e1_0.exam_type_id,e1_0.title from exams e1_0 [42122-232]
2025-08-21 12:46:34 ERROR o.h.e.jdbc.spi.SqlExceptionHelper - Kolumna "E1_0.exam_date" nie istnieje
Column "E1_0.exam_date" not found; SQL statement:
select e1_0.exam_id,e1_0.description,e1_0."exam_date",e1_0.exam_type_id,e1_0.title from exams e1_0 [42122-232]
2025-08-21 12:46:34 ERROR o.h.e.jdbc.spi.SqlExceptionHelper - Kolumna "E1_0.exam_date" nie istnieje
Column "E1_0.exam_date" not found; SQL statement:
select e1_0.exam_id,e1_0.description,e1_0."exam_date",e1_0.exam_type_id,e1_0.title from exams e1_0 [42122-232]
2025-08-21 12:46:34 ERROR o.h.e.jdbc.spi.SqlExceptionHelper - Kolumna "E1_0.exam_date" nie istnieje
Column "E1_0.exam_date" not found; SQL statement:
select e1_0.exam_id,e1_0.description,e1_0."exam_date",e1_0.exam_type_id,e1_0.title from exams e1_0 [42122-232]
2025-08-21 12:46:34 ERROR o.h.e.jdbc.spi.SqlExceptionHelper - Kolumna "E1_0.exam_date" nie istnieje
Column "E1_0.exam_date" not found; SQL statement:
select e1_0.exam_id,e1_0.description,e1_0."exam_date",e1_0.exam_type_id,e1_0.title from exams e1_0 [42122-232]
2025-08-21 12:46:34 ERROR o.h.e.jdbc.spi.SqlExceptionHelper - Kolumna "E1_0.exam_date" nie istnieje
Column "E1_0.exam_date" not found; SQL statement:
select e1_0.exam_id,e1_0.description,e1_0."exam_date",e1_0.exam_type_id,e1_0.title from exams e1_0 [42122-232]
2025-08-21 12:46:34 ERROR o.h.e.jdbc.spi.SqlExceptionHelper - Kolumna "E1_0.exam_date" nie istnieje
Column "E1_0.exam_date" not found; SQL statement:
select e1_0.exam_id,e1_0.description,e1_0."exam_date",e1_0.exam_type_id,e1_0.title from exams e1_0 [42122-232]
2025-08-21 12:46:34 ERROR o.h.e.jdbc.spi.SqlExceptionHelper - Kolumna "E1_0.exam_date" nie istnieje
Column "E1_0.exam_date" not found; SQL statement:
select e1_0.exam_id,e1_0.description,e1_0."exam_date",e1_0.exam_type_id,e1_0.title from exams e1_0 [42122-232]
2025-08-21 12:46:34 ERROR o.h.e.jdbc.spi.SqlExceptionHelper - Kolumna "E1_0.exam_date" nie istnieje
Column "E1_0.exam_date" not found; SQL statement:
select e1_0.exam_id,e1_0.description,e1_0."exam_date",e1_0.exam_type_id,e1_0.title from exams e1_0 [42122-232]
2025-08-21 12:46:34 ERROR o.h.e.jdbc.spi.SqlExceptionHelper - Kolumna "E1_0.exam_date" nie istnieje
Column "E1_0.exam_date" not found; SQL statement:
select e1_0.exam_id,e1_0.description,e1_0."exam_date",e1_0.exam_type_id,e1_0.title from exams e1_0 [42122-232]
2025-08-21 12:46:34 ERROR o.h.e.jdbc.spi.SqlExceptionHelper - Kolumna "E1_0.exam_date" nie istnieje
Column "E1_0.exam_date" not found; SQL statement:
select e1_0.exam_id,e1_0.description,e1_0."exam_date",e1_0.exam_type_id,e1_0.title from exams e1_0 [42122-232]
2025-08-21 12:46:34 ERROR o.h.e.jdbc.spi.SqlExceptionHelper - Kolumna "E1_0.exam_date" nie istnieje
Column "E1_0.exam_date" not found; SQL statement:
select e1_0.exam_id,e1_0.description,e1_0."exam_date",e1_0.exam_type_id,e1_0.title from exams e1_0 [42122-232]
2025-08-21 12:46:34 ERROR o.h.e.jdbc.spi.SqlExceptionHelper - Kolumna "E1_0.exam_date" nie istnieje
Column "E1_0.exam_date" not found; SQL statement:
select e1_0.exam_id,e1_0.description,e1_0."exam_date",e1_0.exam_type_id,e1_0.title from exams e1_0 [42122-232]
2025-08-21 12:46:34 ERROR o.h.e.jdbc.spi.SqlExceptionHelper - Kolumna "E1_0.exam_date" nie istnieje
Column "E1_0.exam_date" not found; SQL statement:
select e1_0.exam_id,e1_0.description,e1_0."exam_date",e1_0.exam_type_id,e1_0.title from exams e1_0 [42122-232]
2025-08-21 12:46:35 ERROR org.pkwmtt.config.StartupConfig - !Couldn't log the server base url. Check properties in application.properties
2025-08-21 12:47:28 ERROR o.h.e.jdbc.spi.SqlExceptionHelper - Table "groups" not found (candidates are: "GROUPS"); SQL statement:
insert into "groups" (name,group_id) values (?,default) [42103-232]
2025-08-21 12:48:35 ERROR o.h.e.jdbc.spi.SqlExceptionHelper - Pole nie moe by NULL"LETTER"
NULL not allowed for column "LETTER"; SQL statement:
insert into groups (name,group_id) values (?,default) [23502-232]
2025-08-21 12:57:43 ERROR o.h.e.jdbc.spi.SqlExceptionHelper - Kolumna "exam_date" nie istnieje
Column "exam_date" not found; SQL statement:
insert into exams (description,"exam_date",exam_type_id,title,exam_id) values (?,?,?,?,default) [42122-232]
2025-08-21 12:59:32 ERROR o.h.e.jdbc.spi.SqlExceptionHelper - Kolumna "E1_0.exam_date" nie istnieje
Column "E1_0.exam_date" not found; SQL statement:
select e1_0.exam_id,e1_0.description,e1_0."exam_date",e1_0.exam_type_id,et1_0.exam_type_id,et1_0.name,g1_0.exam_id,g1_1.group_id,g1_1.name,e1_0.title from exams e1_0 join exam_type et1_0 on et1_0.exam_type_id=e1_0.exam_type_id join exams_groups g1_0 on e1_0.exam_id=g1_0.exam_id join groups g1_1 on g1_1.group_id=g1_0.group_id where 1=0 [42122-232]
2025-08-21 13:01:14 ERROR o.h.e.jdbc.spi.SqlExceptionHelper - Kolumna "exam_date" nie istnieje
Column "exam_date" not found; SQL statement:
insert into exams (description,"exam_date",exam_type_id,title,exam_id) values (?,?,?,?,default) [42122-232]
